<?xml version="1.0" encoding="UTF-8"?>
<coverage generated="1679350191034" clover="3.2.0">
  <project timestamp="1679350191034" name="All files">
    <metrics statements="1228" coveredstatements="686" conditionals="500" coveredconditionals="229" methods="377" coveredmethods="226" elements="2105" coveredelements="1141" complexity="0" loc="1228" ncloc="1228" packages="13" files="56" classes="56"/>
    <package name="reactnative">
      <metrics statements="60" coveredstatements="23" conditionals="31" coveredconditionals="3" methods="17" coveredmethods="4"/>
      <file name="App.js" path="C:\Users\Shozab\Desktop\Wallet-In-One\reactnative\App.js">
        <metrics statements="2" coveredstatements="0" conditionals="0" coveredconditionals="0" methods="1" coveredmethods="0"/>
        <line num="12" count="0" type="stmt"/>
        <line num="16" count="0" type="stmt"/>
      </file>
      <file name="Navigation.js" path="C:\Users\Shozab\Desktop\Wallet-In-One\reactnative\Navigation.js">
        <metrics statements="11" coveredstatements="0" conditionals="10" coveredconditionals="0" methods="6" coveredmethods="0"/>
        <line num="37" count="0" type="stmt"/>
        <line num="38" count="0" type="stmt"/>
        <line num="42" count="0" type="stmt"/>
        <line num="43" count="0" type="stmt"/>
        <line num="45" count="0" type="stmt"/>
        <line num="47" count="0" type="stmt"/>
        <line num="69" count="0" type="cond" truecount="0" falsecount="2"/>
        <line num="81" count="0" type="cond" truecount="0" falsecount="2"/>
        <line num="92" count="0" type="cond" truecount="0" falsecount="2"/>
        <line num="144" count="0" type="stmt"/>
        <line num="146" count="0" type="stmt"/>
      </file>
      <file name="authentication.js" path="C:\Users\Shozab\Desktop\Wallet-In-One\reactnative\authentication.js">
        <metrics statements="40" coveredstatements="22" conditionals="21" coveredconditionals="3" methods="9" coveredmethods="4"/>
        <line num="4" count="0" type="stmt"/>
        <line num="6" count="11" type="cond" truecount="0" falsecount="3"/>
        <line num="7" count="24" type="stmt"/>
        <line num="8" count="24" type="stmt"/>
        <line num="9" count="24" type="stmt"/>
        <line num="18" count="24" type="cond" truecount="1" falsecount="1"/>
        <line num="19" count="0" type="stmt"/>
        <line num="22" count="24" type="stmt"/>
        <line num="24" count="24" type="stmt"/>
        <line num="26" count="23" type="stmt"/>
        <line num="29" count="1" type="stmt"/>
        <line num="33" count="11" type="stmt"/>
        <line num="34" count="0" type="stmt"/>
        <line num="38" count="0" type="cond" truecount="0" falsecount="2"/>
        <line num="39" count="0" type="stmt"/>
        <line num="42" count="0" type="stmt"/>
        <line num="45" count="11" type="stmt"/>
        <line num="46" count="0" type="stmt"/>
        <line num="47" count="0" type="cond" truecount="0" falsecount="2"/>
        <line num="48" count="0" type="stmt"/>
        <line num="49" count="0" type="cond" truecount="0" falsecount="2"/>
        <line num="50" count="0" type="stmt"/>
        <line num="55" count="11" type="stmt"/>
        <line num="56" count="0" type="stmt"/>
        <line num="58" count="0" type="cond" truecount="0" falsecount="2"/>
        <line num="59" count="0" type="stmt"/>
        <line num="60" count="0" type="stmt"/>
        <line num="62" count="0" type="stmt"/>
        <line num="65" count="11" type="stmt"/>
        <line num="67" count="1" type="stmt"/>
        <line num="68" count="1" type="stmt"/>
        <line num="71" count="11" type="cond" truecount="0" falsecount="2"/>
        <line num="72" count="24" type="stmt"/>
        <line num="73" count="24" type="stmt"/>
        <line num="76" count="11" type="cond" truecount="2" falsecount="0"/>
        <line num="77" count="24" type="stmt"/>
        <line num="79" count="11" type="cond" truecount="0" falsecount="2"/>
        <line num="80" count="0" type="stmt"/>
        <line num="83" count="11" type="cond" truecount="0" falsecount="2"/>
        <line num="84" count="0" type="stmt"/>
      </file>
      <file name="babel.config.js" path="C:\Users\Shozab\Desktop\Wallet-In-One\reactnative\babel.config.js">
        <metrics statements="3" coveredstatements="0" conditionals="0" coveredconditionals="0" methods="1" coveredmethods="0"/>
        <line num="1" count="0" type="stmt"/>
        <line num="2" count="0" type="stmt"/>
        <line num="3" count="0" type="stmt"/>
      </file>
      <file name="data.js" path="C:\Users\Shozab\Desktop\Wallet-In-One\reactnative\data.js">
        <metrics statements="1" coveredstatements="1" conditionals="0" coveredconditionals="0" methods="0" coveredmethods="0"/>
        <line num="2" count="3" type="stmt"/>
      </file>
      <file name="index.js" path="C:\Users\Shozab\Desktop\Wallet-In-One\reactnative\index.js">
        <metrics statements="1" coveredstatements="0" conditionals="0" coveredconditionals="0" methods="0" coveredmethods="0"/>
        <line num="8" count="0" type="stmt"/>
      </file>
      <file name="metro.config.js" path="C:\Users\Shozab\Desktop\Wallet-In-One\reactnative\metro.config.js">
        <metrics statements="2" coveredstatements="0" conditionals="0" coveredconditionals="0" methods="0" coveredmethods="0"/>
        <line num="2" count="0" type="stmt"/>
        <line num="4" count="0" type="stmt"/>
      </file>
    </package>
    <package name="reactnative.screens">
      <metrics statements="102" coveredstatements="55" conditionals="49" coveredconditionals="28" methods="25" coveredmethods="13"/>
      <file name="All_Styles.style.js" path="C:\Users\Shozab\Desktop\Wallet-In-One\reactnative\screens\All_Styles.style.js">
        <metrics statements="1" coveredstatements="1" conditionals="0" coveredconditionals="0" methods="1" coveredmethods="1"/>
        <line num="3" count="776" type="stmt"/>
      </file>
      <file name="LoginScreen.js" path="C:\Users\Shozab\Desktop\Wallet-In-One\reactnative\screens\LoginScreen.js">
        <metrics statements="33" coveredstatements="29" conditionals="16" coveredconditionals="14" methods="7" coveredmethods="6"/>
        <line num="25" count="10" type="stmt"/>
        <line num="27" count="10" type="stmt"/>
        <line num="29" count="10" type="stmt"/>
        <line num="30" count="10" type="stmt"/>
        <line num="32" count="10" type="stmt"/>
        <line num="34" count="10" type="stmt"/>
        <line num="35" count="3" type="stmt"/>
        <line num="36" count="3" type="cond" truecount="1" falsecount="1"/>
        <line num="37" count="0" type="stmt"/>
        <line num="38" count="3" type="cond" truecount="4" falsecount="0"/>
        <line num="39" count="2" type="stmt"/>
        <line num="41" count="2" type="cond" truecount="2" falsecount="0"/>
        <line num="42" count="1" type="stmt"/>
        <line num="45" count="1" type="stmt"/>
        <line num="46" count="1" type="stmt"/>
        <line num="49" count="10" type="stmt"/>
        <line num="51" count="0" type="stmt"/>
        <line num="59" count="10" type="stmt"/>
        <line num="60" count="1" type="stmt"/>
        <line num="63" count="1" type="stmt"/>
        <line num="64" count="1" type="cond" truecount="1" falsecount="1"/>
        <line num="65" count="0" type="stmt"/>
        <line num="66" count="0" type="stmt"/>
        <line num="77" count="10" type="stmt"/>
        <line num="78" count="20" type="cond" truecount="4" falsecount="0"/>
        <line num="79" count="4" type="stmt"/>
        <line num="81" count="16" type="stmt"/>
        <line num="85" count="30" type="cond" truecount="2" falsecount="0"/>
        <line num="86" count="3" type="stmt"/>
        <line num="89" count="3" type="stmt"/>
        <line num="98" count="27" type="stmt"/>
        <line num="101" count="10" type="stmt"/>
        <line num="130" count="1" type="stmt"/>
      </file>
      <file name="Modal.js" path="C:\Users\Shozab\Desktop\Wallet-In-One\reactnative\screens\Modal.js">
        <metrics statements="14" coveredstatements="9" conditionals="12" coveredconditionals="7" methods="2" coveredmethods="1"/>
        <line num="6" count="31" type="stmt"/>
        <line num="8" count="31" type="stmt"/>
        <line num="69" count="31" type="stmt"/>
        <line num="70" count="31" type="stmt"/>
        <line num="72" count="31" type="stmt"/>
        <line num="74" count="31" type="cond" truecount="1" falsecount="1"/>
        <line num="75" count="0" type="stmt"/>
        <line num="78" count="31" type="cond" truecount="1" falsecount="1"/>
        <line num="79" count="0" type="stmt"/>
        <line num="82" count="31" type="cond" truecount="2" falsecount="2"/>
        <line num="83" count="0" type="stmt"/>
        <line num="87" count="31" type="stmt"/>
        <line num="94" count="0" type="stmt"/>
        <line num="95" count="0" type="stmt"/>
      </file>
      <file name="SendNotification.js" path="C:\Users\Shozab\Desktop\Wallet-In-One\reactnative\screens\SendNotification.js">
        <metrics statements="10" coveredstatements="0" conditionals="4" coveredconditionals="0" methods="2" coveredmethods="0"/>
        <line num="2" count="0" type="stmt"/>
        <line num="3" count="0" type="cond" truecount="0" falsecount="2"/>
        <line num="4" count="0" type="stmt"/>
        <line num="5" count="0" type="stmt"/>
        <line num="12" count="0" type="stmt"/>
        <line num="15" count="0" type="stmt"/>
        <line num="16" count="0" type="cond" truecount="0" falsecount="2"/>
        <line num="17" count="0" type="stmt"/>
        <line num="18" count="0" type="stmt"/>
        <line num="25" count="0" type="stmt"/>
      </file>
      <file name="SettingsPage.js" path="C:\Users\Shozab\Desktop\Wallet-In-One\reactnative\screens\SettingsPage.js">
        <metrics statements="34" coveredstatements="16" conditionals="15" coveredconditionals="7" methods="10" coveredmethods="5"/>
        <line num="24" count="5" type="stmt"/>
        <line num="26" count="5" type="stmt"/>
        <line num="28" count="5" type="stmt"/>
        <line num="32" count="5" type="stmt"/>
        <line num="98" count="5" type="stmt"/>
        <line num="101" count="15" type="cond" truecount="1" falsecount="1"/>
        <line num="111" count="5" type="stmt"/>
        <line num="113" count="2" type="stmt"/>
        <line num="114" count="2" type="cond" truecount="1" falsecount="1"/>
        <line num="115" count="0" type="stmt"/>
        <line num="116" count="0" type="stmt"/>
        <line num="118" count="2" type="stmt"/>
        <line num="121" count="2" type="stmt"/>
        <line num="124" count="5" type="stmt"/>
        <line num="126" count="0" type="stmt"/>
        <line num="137" count="5" type="stmt"/>
        <line num="139" count="0" type="stmt"/>
        <line num="140" count="0" type="stmt"/>
        <line num="141" count="0" type="stmt"/>
        <line num="142" count="0" type="cond" truecount="0" falsecount="2"/>
        <line num="143" count="0" type="stmt"/>
        <line num="144" count="0" type="stmt"/>
        <line num="153" count="5" type="stmt"/>
        <line num="154" count="0" type="stmt"/>
        <line num="155" count="0" type="stmt"/>
        <line num="156" count="0" type="cond" truecount="0" falsecount="2"/>
        <line num="157" count="0" type="stmt"/>
        <line num="160" count="0" type="stmt"/>
        <line num="162" count="0" type="stmt"/>
        <line num="163" count="0" type="cond" truecount="0" falsecount="2"/>
        <line num="164" count="0" type="stmt"/>
        <line num="165" count="0" type="stmt"/>
        <line num="175" count="5" type="stmt"/>
        <line num="206" count="1" type="stmt"/>
      </file>
      <file name="helper.js" path="C:\Users\Shozab\Desktop\Wallet-In-One\reactnative\screens\helper.js">
        <metrics statements="10" coveredstatements="0" conditionals="2" coveredconditionals="0" methods="3" coveredmethods="0"/>
        <line num="11" count="0" type="stmt"/>
        <line num="12" count="0" type="stmt"/>
        <line num="14" count="0" type="stmt"/>
        <line num="16" count="0" type="stmt"/>
        <line num="17" count="0" type="stmt"/>
        <line num="18" count="0" type="stmt"/>
        <line num="19" count="0" type="stmt"/>
        <line num="21" count="0" type="cond" truecount="0" falsecount="2"/>
        <line num="22" count="0" type="stmt"/>
        <line num="24" count="0" type="stmt"/>
      </file>
    </package>
    <package name="reactnative.screens.Main Account">
      <metrics statements="20" coveredstatements="6" conditionals="0" coveredconditionals="0" methods="15" coveredmethods="4"/>
      <file name="MainAccountPage.js" path="C:\Users\Shozab\Desktop\Wallet-In-One\reactnative\screens\Main Account\MainAccountPage.js">
        <metrics statements="6" coveredstatements="6" conditionals="0" coveredconditionals="0" methods="4" coveredmethods="4"/>
        <line num="12" count="4" type="stmt"/>
        <line num="14" count="4" type="stmt"/>
        <line num="35" count="4" type="stmt"/>
        <line num="39" count="1" type="stmt"/>
        <line num="46" count="1" type="stmt"/>
        <line num="53" count="1" type="stmt"/>
      </file>
      <file name="MainStackNavigator.js" path="C:\Users\Shozab\Desktop\Wallet-In-One\reactnative\screens\Main Account\MainStackNavigator.js">
        <metrics statements="14" coveredstatements="0" conditionals="0" coveredconditionals="0" methods="11" coveredmethods="0"/>
        <line num="37" count="0" type="stmt"/>
        <line num="41" count="0" type="stmt"/>
        <line num="43" count="0" type="stmt"/>
        <line num="59" count="0" type="stmt"/>
        <line num="61" count="0" type="stmt"/>
        <line num="63" count="0" type="stmt"/>
        <line num="79" count="0" type="stmt"/>
        <line num="81" count="0" type="stmt"/>
        <line num="83" count="0" type="stmt"/>
        <line num="104" count="0" type="stmt"/>
        <line num="106" count="0" type="stmt"/>
        <line num="109" count="0" type="stmt"/>
        <line num="115" count="0" type="stmt"/>
        <line num="137" count="0" type="stmt"/>
      </file>
    </package>
    <package name="reactnative.screens.banking">
      <metrics statements="224" coveredstatements="190" conditionals="84" coveredconditionals="57" methods="66" coveredmethods="52"/>
      <file name="AddBankScreen.js" path="C:\Users\Shozab\Desktop\Wallet-In-One\reactnative\screens\banking\AddBankScreen.js">
        <metrics statements="63" coveredstatements="38" conditionals="24" coveredconditionals="8" methods="16" coveredmethods="7"/>
        <line num="11" count="5" type="stmt"/>
        <line num="12" count="5" type="stmt"/>
        <line num="13" count="5" type="stmt"/>
        <line num="14" count="5" type="stmt"/>
        <line num="16" count="5" type="stmt"/>
        <line num="17" count="5" type="stmt"/>
        <line num="18" count="5" type="stmt"/>
        <line num="20" count="5" type="stmt"/>
        <line num="22" count="5" type="stmt"/>
        <line num="23" count="0" type="stmt"/>
        <line num="24" count="0" type="stmt"/>
        <line num="25" count="0" type="stmt"/>
        <line num="28" count="5" type="stmt"/>
        <line num="66" count="5" type="stmt"/>
        <line num="67" count="1" type="stmt"/>
        <line num="68" count="1" type="stmt"/>
        <line num="69" count="1" type="stmt"/>
        <line num="70" count="1" type="cond" truecount="1" falsecount="1"/>
        <line num="71" count="1" type="stmt"/>
        <line num="72" count="1" type="stmt"/>
        <line num="73" count="1" type="stmt"/>
        <line num="76" count="1" type="stmt"/>
        <line num="79" count="5" type="stmt"/>
        <line num="81" count="1" type="stmt"/>
        <line num="82" count="1" type="stmt"/>
        <line num="83" count="1" type="stmt"/>
        <line num="84" count="1" type="cond" truecount="1" falsecount="1"/>
        <line num="85" count="1" type="stmt"/>
        <line num="88" count="0" type="stmt"/>
        <line num="91" count="1" type="stmt"/>
        <line num="92" count="1" type="stmt"/>
        <line num="95" count="5" type="stmt"/>
        <line num="96" count="0" type="stmt"/>
        <line num="97" count="0" type="stmt"/>
        <line num="98" count="0" type="stmt"/>
        <line num="101" count="5" type="stmt"/>
        <line num="102" count="0" type="cond" truecount="0" falsecount="4"/>
        <line num="103" count="0" type="stmt"/>
        <line num="104" count="0" type="stmt"/>
        <line num="105" count="0" type="stmt"/>
        <line num="109" count="5" type="stmt"/>
        <line num="110" count="0" type="stmt"/>
        <line num="111" count="0" type="stmt"/>
        <line num="112" count="0" type="stmt"/>
        <line num="113" count="0" type="cond" truecount="0" falsecount="2"/>
        <line num="114" count="0" type="stmt"/>
        <line num="116" count="0" type="cond" truecount="0" falsecount="4"/>
        <line num="117" count="0" type="stmt"/>
        <line num="118" count="0" type="stmt"/>
        <line num="121" count="0" type="stmt"/>
        <line num="122" count="0" type="stmt"/>
        <line num="125" count="0" type="stmt"/>
        <line num="128" count="5" type="cond" truecount="2" falsecount="0"/>
        <line num="129" count="3" type="stmt"/>
        <line num="132" count="2" type="cond" truecount="2" falsecount="0"/>
        <line num="133" count="1" type="stmt"/>
        <line num="136" count="1" type="cond" truecount="1" falsecount="1"/>
        <line num="137" count="0" type="stmt"/>
        <line num="142" count="0" type="stmt"/>
        <line num="153" count="0" type="stmt"/>
        <line num="165" count="1" type="stmt"/>
        <line num="178" count="10" type="stmt"/>
        <line num="179" count="1" type="stmt"/>
      </file>
      <file name="AuthView.js" path="C:\Users\Shozab\Desktop\Wallet-In-One\reactnative\screens\banking\AuthView.js">
        <metrics statements="4" coveredstatements="3" conditionals="2" coveredconditionals="1" methods="2" coveredmethods="1"/>
        <line num="9" count="2" type="stmt"/>
        <line num="10" count="2" type="stmt"/>
        <line num="12" count="2" type="stmt"/>
        <line num="22" count="0" type="stmt"/>
      </file>
      <file name="BalanceChart.js" path="C:\Users\Shozab\Desktop\Wallet-In-One\reactnative\screens\banking\BalanceChart.js">
        <metrics statements="9" coveredstatements="9" conditionals="0" coveredconditionals="0" methods="6" coveredmethods="6"/>
        <line num="5" count="20" type="stmt"/>
        <line num="29" count="96" type="stmt"/>
        <line num="34" count="96" type="stmt"/>
        <line num="35" count="96" type="stmt"/>
        <line num="36" count="20" type="stmt"/>
        <line num="38" count="20" type="stmt"/>
        <line num="43" count="207" type="stmt"/>
        <line num="44" count="207" type="stmt"/>
        <line num="57" count="63" type="stmt"/>
      </file>
      <file name="BankAccountsScreen.js" path="C:\Users\Shozab\Desktop\Wallet-In-One\reactnative\screens\banking\BankAccountsScreen.js">
        <metrics statements="39" coveredstatements="31" conditionals="12" coveredconditionals="9" methods="14" coveredmethods="10"/>
        <line num="14" count="4" type="stmt"/>
        <line num="15" count="4" type="stmt"/>
        <line num="16" count="4" type="stmt"/>
        <line num="17" count="4" type="stmt"/>
        <line num="18" count="4" type="stmt"/>
        <line num="20" count="4" type="stmt"/>
        <line num="21" count="0" type="stmt"/>
        <line num="22" count="0" type="stmt"/>
        <line num="23" count="0" type="stmt"/>
        <line num="24" count="0" type="stmt"/>
        <line num="27" count="4" type="stmt"/>
        <line num="28" count="1" type="stmt"/>
        <line num="29" count="1" type="stmt"/>
        <line num="30" count="1" type="stmt"/>
        <line num="31" count="1" type="stmt"/>
        <line num="32" count="1" type="cond" truecount="1" falsecount="1"/>
        <line num="33" count="1" type="stmt"/>
        <line num="34" count="1" type="stmt"/>
        <line num="38" count="4" type="stmt"/>
        <line num="39" count="1" type="cond" truecount="1" falsecount="1"/>
        <line num="42" count="4" type="stmt"/>
        <line num="43" count="0" type="stmt"/>
        <line num="44" count="0" type="stmt"/>
        <line num="47" count="4" type="stmt"/>
        <line num="129" count="4" type="cond" truecount="2" falsecount="0"/>
        <line num="130" count="1" type="stmt"/>
        <line num="133" count="3" type="stmt"/>
        <line num="139" count="1" type="stmt"/>
        <line num="146" count="1" type="stmt"/>
        <line num="154" count="4" type="stmt"/>
        <line num="164" count="4" type="stmt"/>
        <line num="165" count="4" type="cond" truecount="2" falsecount="0"/>
        <line num="166" count="2" type="stmt"/>
        <line num="169" count="4" type="stmt"/>
        <line num="171" count="1" type="stmt"/>
        <line num="183" count="1" type="stmt"/>
        <line num="191" count="0" type="stmt"/>
        <line num="192" count="0" type="stmt"/>
        <line num="196" count="1" type="stmt"/>
      </file>
      <file name="BankBarChart.js" path="C:\Users\Shozab\Desktop\Wallet-In-One\reactnative\screens\banking\BankBarChart.js">
        <metrics statements="10" coveredstatements="10" conditionals="5" coveredconditionals="4" methods="3" coveredmethods="3"/>
        <line num="9" count="22" type="stmt"/>
        <line num="11" count="22" type="stmt"/>
        <line num="20" count="22" type="stmt"/>
        <line num="27" count="208" type="cond" truecount="2" falsecount="0"/>
        <line num="28" count="30" type="stmt"/>
        <line num="30" count="178" type="cond" truecount="2" falsecount="0"/>
        <line num="31" count="30" type="stmt"/>
        <line num="34" count="148" type="stmt"/>
        <line num="37" count="328" type="cond" truecount="0" falsecount="1"/>
        <line num="43" count="22" type="stmt"/>
      </file>
      <file name="BankInsights.js" path="C:\Users\Shozab\Desktop\Wallet-In-One\reactnative\screens\banking\BankInsights.js">
        <metrics statements="53" coveredstatements="53" conditionals="23" coveredconditionals="21" methods="12" coveredmethods="12"/>
        <line num="13" count="1" type="stmt"/>
        <line num="14" count="38" type="stmt"/>
        <line num="17" count="133" type="stmt"/>
        <line num="21" count="7" type="stmt"/>
        <line num="29" count="1" type="stmt"/>
        <line num="51" count="24" type="stmt"/>
        <line num="52" count="24" type="stmt"/>
        <line num="53" count="24" type="stmt"/>
        <line num="55" count="24" type="stmt"/>
        <line num="56" count="24" type="stmt"/>
        <line num="58" count="24" type="stmt"/>
        <line num="59" count="24" type="stmt"/>
        <line num="60" count="24" type="stmt"/>
        <line num="62" count="24" type="stmt"/>
        <line num="63" count="1" type="stmt"/>
        <line num="64" count="1" type="stmt"/>
        <line num="66" count="1" type="cond" truecount="1" falsecount="1"/>
        <line num="67" count="1" type="stmt"/>
        <line num="68" count="1" type="stmt"/>
        <line num="69" count="1" type="stmt"/>
        <line num="70" count="1" type="stmt"/>
        <line num="71" count="1" type="stmt"/>
        <line num="72" count="1" type="stmt"/>
        <line num="75" count="1" type="cond" truecount="1" falsecount="1"/>
        <line num="79" count="24" type="stmt"/>
        <line num="80" count="5" type="stmt"/>
        <line num="81" count="5" type="cond" truecount="4" falsecount="0"/>
        <line num="83" count="2" type="stmt"/>
        <line num="84" count="2" type="stmt"/>
        <line num="86" count="1" type="stmt"/>
        <line num="87" count="1" type="stmt"/>
        <line num="89" count="1" type="stmt"/>
        <line num="90" count="1" type="stmt"/>
        <line num="92" count="1" type="stmt"/>
        <line num="93" count="1" type="stmt"/>
        <line num="97" count="24" type="stmt"/>
        <line num="98" count="9" type="cond" truecount="2" falsecount="0"/>
        <line num="99" count="8" type="cond" truecount="3" falsecount="0"/>
        <line num="101" count="6" type="stmt"/>
        <line num="102" count="6" type="stmt"/>
        <line num="104" count="1" type="stmt"/>
        <line num="105" count="1" type="stmt"/>
        <line num="107" count="1" type="stmt"/>
        <line num="108" count="1" type="stmt"/>
        <line num="113" count="24" type="cond" truecount="2" falsecount="0"/>
        <line num="114" count="5" type="stmt"/>
        <line num="117" count="19" type="stmt"/>
        <line num="143" count="171" type="cond" truecount="2" falsecount="0"/>
        <line num="144" count="38" type="stmt"/>
        <line num="146" count="76" type="stmt"/>
        <line num="156" count="152" type="cond" truecount="2" falsecount="0"/>
        <line num="157" count="114" type="stmt"/>
        <line num="159" count="209" type="stmt"/>
      </file>
      <file name="BankTransactionsScreen.js" path="C:\Users\Shozab\Desktop\Wallet-In-One\reactnative\screens\banking\BankTransactionsScreen.js">
        <metrics statements="44" coveredstatements="44" conditionals="18" coveredconditionals="14" methods="12" coveredmethods="12"/>
        <line num="11" count="6" type="stmt"/>
        <line num="12" count="6" type="stmt"/>
        <line num="13" count="6" type="stmt"/>
        <line num="14" count="6" type="stmt"/>
        <line num="16" count="6" type="stmt"/>
        <line num="17" count="2" type="stmt"/>
        <line num="18" count="2" type="stmt"/>
        <line num="19" count="2" type="stmt"/>
        <line num="20" count="2" type="cond" truecount="2" falsecount="0"/>
        <line num="21" count="1" type="stmt"/>
        <line num="24" count="1" type="stmt"/>
        <line num="27" count="2" type="cond" truecount="1" falsecount="1"/>
        <line num="28" count="2" type="stmt"/>
        <line num="29" count="2" type="stmt"/>
        <line num="30" count="2" type="stmt"/>
        <line num="31" count="2" type="stmt"/>
        <line num="34" count="2" type="cond" truecount="1" falsecount="1"/>
        <line num="37" count="6" type="stmt"/>
        <line num="38" count="3" type="stmt"/>
        <line num="39" count="3" type="stmt"/>
        <line num="42" count="6" type="stmt"/>
        <line num="43" count="3" type="stmt"/>
        <line num="44" count="3" type="stmt"/>
        <line num="47" count="6" type="stmt"/>
        <line num="109" count="6" type="stmt"/>
        <line num="110" count="4" type="stmt"/>
        <line num="111" count="4" type="stmt"/>
        <line num="112" count="3" type="stmt"/>
        <line num="113" count="3" type="stmt"/>
        <line num="114" count="3" type="stmt"/>
        <line num="115" count="3" type="stmt"/>
        <line num="116" count="3" type="stmt"/>
        <line num="117" count="3" type="cond" truecount="2" falsecount="0"/>
        <line num="118" count="1" type="stmt"/>
        <line num="120" count="2" type="stmt"/>
        <line num="123" count="3" type="stmt"/>
        <line num="127" count="6" type="stmt"/>
        <line num="128" count="3" type="cond" truecount="2" falsecount="0"/>
        <line num="129" count="3" type="stmt"/>
        <line num="144" count="6" type="cond" truecount="2" falsecount="0"/>
        <line num="145" count="2" type="stmt"/>
        <line num="148" count="4" type="stmt"/>
        <line num="154" count="2" type="stmt"/>
        <line num="156" count="3" type="stmt"/>
      </file>
      <file name="Loading.js" path="C:\Users\Shozab\Desktop\Wallet-In-One\reactnative\screens\banking\Loading.js">
        <metrics statements="2" coveredstatements="2" conditionals="0" coveredconditionals="0" methods="1" coveredmethods="1"/>
        <line num="6" count="52" type="stmt"/>
        <line num="8" count="52" type="stmt"/>
      </file>
    </package>
    <package name="reactnative.screens.charts">
      <metrics statements="161" coveredstatements="76" conditionals="96" coveredconditionals="37" methods="17" coveredmethods="11"/>
      <file name="HomePage.js" path="C:\Users\Shozab\Desktop\Wallet-In-One\reactnative\screens\charts\HomePage.js">
        <metrics statements="124" coveredstatements="41" conditionals="63" coveredconditionals="9" methods="13" coveredmethods="7"/>
        <line num="21" count="21" type="stmt"/>
        <line num="22" count="21" type="stmt"/>
        <line num="23" count="21" type="stmt"/>
        <line num="24" count="21" type="stmt"/>
        <line num="26" count="21" type="stmt"/>
        <line num="27" count="21" type="stmt"/>
        <line num="28" count="21" type="stmt"/>
        <line num="29" count="21" type="stmt"/>
        <line num="30" count="21" type="stmt"/>
        <line num="31" count="21" type="stmt"/>
        <line num="32" count="21" type="stmt"/>
        <line num="35" count="21" type="stmt"/>
        <line num="36" count="3" type="stmt"/>
        <line num="37" count="3" type="stmt"/>
        <line num="38" count="3" type="stmt"/>
        <line num="39" count="3" type="cond" truecount="1" falsecount="1"/>
        <line num="40" count="3" type="stmt"/>
        <line num="41" count="3" type="stmt"/>
        <line num="42" count="3" type="stmt"/>
        <line num="43" count="3" type="stmt"/>
        <line num="44" count="3" type="stmt"/>
        <line num="47" count="3" type="cond" truecount="1" falsecount="1"/>
        <line num="48" count="3" type="stmt"/>
        <line num="50" count="3" type="stmt"/>
        <line num="53" count="21" type="stmt"/>
        <line num="54" count="0" type="stmt"/>
        <line num="56" count="0" type="cond" truecount="0" falsecount="2"/>
        <line num="57" count="0" type="cond" truecount="0" falsecount="2"/>
        <line num="58" count="0" type="stmt"/>
        <line num="59" count="0" type="cond" truecount="0" falsecount="2"/>
        <line num="60" count="0" type="stmt"/>
        <line num="61" count="0" type="stmt"/>
        <line num="62" count="0" type="stmt"/>
        <line num="64" count="0" type="cond" truecount="0" falsecount="2"/>
        <line num="65" count="0" type="stmt"/>
        <line num="66" count="0" type="cond" truecount="0" falsecount="2"/>
        <line num="67" count="0" type="stmt"/>
        <line num="68" count="0" type="stmt"/>
        <line num="69" count="0" type="stmt"/>
        <line num="72" count="0" type="cond" truecount="0" falsecount="2"/>
        <line num="73" count="0" type="stmt"/>
        <line num="74" count="0" type="cond" truecount="0" falsecount="2"/>
        <line num="75" count="0" type="stmt"/>
        <line num="76" count="0" type="stmt"/>
        <line num="77" count="0" type="stmt"/>
        <line num="78" count="0" type="stmt"/>
        <line num="89" count="0" type="stmt"/>
        <line num="91" count="0" type="cond" truecount="0" falsecount="2"/>
        <line num="92" count="0" type="stmt"/>
        <line num="93" count="0" type="stmt"/>
        <line num="94" count="0" type="cond" truecount="0" falsecount="2"/>
        <line num="95" count="0" type="stmt"/>
        <line num="96" count="0" type="stmt"/>
        <line num="99" count="0" type="stmt"/>
        <line num="100" count="0" type="stmt"/>
        <line num="102" count="0" type="stmt"/>
        <line num="103" count="0" type="stmt"/>
        <line num="104" count="0" type="cond" truecount="0" falsecount="5"/>
        <line num="105" count="0" type="stmt"/>
        <line num="107" count="0" type="stmt"/>
        <line num="108" count="0" type="stmt"/>
        <line num="109" count="0" type="cond" truecount="0" falsecount="2"/>
        <line num="110" count="0" type="stmt"/>
        <line num="113" count="0" type="stmt"/>
        <line num="115" count="0" type="stmt"/>
        <line num="120" count="21" type="stmt"/>
        <line num="121" count="0" type="stmt"/>
        <line num="122" count="0" type="cond" truecount="0" falsecount="2"/>
        <line num="123" count="0" type="stmt"/>
        <line num="124" count="0" type="stmt"/>
        <line num="125" count="0" type="stmt"/>
        <line num="128" count="0" type="cond" truecount="0" falsecount="2"/>
        <line num="129" count="0" type="stmt"/>
        <line num="130" count="0" type="cond" truecount="0" falsecount="2"/>
        <line num="131" count="0" type="stmt"/>
        <line num="132" count="0" type="stmt"/>
        <line num="135" count="0" type="cond" truecount="0" falsecount="2"/>
        <line num="136" count="0" type="stmt"/>
        <line num="137" count="0" type="stmt"/>
        <line num="139" count="0" type="cond" truecount="0" falsecount="2"/>
        <line num="140" count="0" type="stmt"/>
        <line num="141" count="0" type="cond" truecount="0" falsecount="2"/>
        <line num="142" count="0" type="stmt"/>
        <line num="143" count="0" type="stmt"/>
        <line num="146" count="0" type="cond" truecount="0" falsecount="2"/>
        <line num="147" count="0" type="stmt"/>
        <line num="148" count="0" type="stmt"/>
        <line num="151" count="0" type="cond" truecount="0" falsecount="2"/>
        <line num="152" count="0" type="stmt"/>
        <line num="153" count="0" type="cond" truecount="0" falsecount="2"/>
        <line num="154" count="0" type="stmt"/>
        <line num="155" count="0" type="stmt"/>
        <line num="158" count="0" type="cond" truecount="0" falsecount="2"/>
        <line num="159" count="0" type="stmt"/>
        <line num="160" count="0" type="stmt"/>
        <line num="161" count="0" type="stmt"/>
        <line num="173" count="0" type="cond" truecount="0" falsecount="2"/>
        <line num="174" count="0" type="stmt"/>
        <line num="175" count="0" type="cond" truecount="0" falsecount="2"/>
        <line num="176" count="0" type="stmt"/>
        <line num="177" count="0" type="stmt"/>
        <line num="180" count="0" type="stmt"/>
        <line num="181" count="0" type="cond" truecount="0" falsecount="2"/>
        <line num="182" count="0" type="stmt"/>
        <line num="183" count="0" type="stmt"/>
        <line num="186" count="0" type="stmt"/>
        <line num="189" count="21" type="stmt"/>
        <line num="190" count="21" type="stmt"/>
        <line num="191" count="45" type="stmt"/>
        <line num="193" count="21" type="stmt"/>
        <line num="195" count="45" type="stmt"/>
        <line num="196" count="21" type="stmt"/>
        <line num="198" count="21" type="stmt"/>
        <line num="200" count="21" type="stmt"/>
        <line num="201" count="3" type="stmt"/>
        <line num="204" count="21" type="cond" truecount="2" falsecount="0"/>
        <line num="205" count="15" type="stmt"/>
        <line num="207" count="6" type="cond" truecount="2" falsecount="0"/>
        <line num="208" count="1" type="stmt"/>
        <line num="210" count="5" type="stmt"/>
        <line num="227" count="3" type="stmt"/>
        <line num="254" count="0" type="stmt"/>
        <line num="255" count="0" type="stmt"/>
        <line num="256" count="0" type="stmt"/>
      </file>
      <file name="LineChart.js" path="C:\Users\Shozab\Desktop\Wallet-In-One\reactnative\screens\charts\LineChart.js">
        <metrics statements="37" coveredstatements="35" conditionals="33" coveredconditionals="28" methods="4" coveredmethods="4"/>
        <line num="15" count="10" type="stmt"/>
        <line num="16" count="10" type="stmt"/>
        <line num="18" count="10" type="stmt"/>
        <line num="41" count="10" type="stmt"/>
        <line num="42" count="10" type="stmt"/>
        <line num="45" count="10" type="cond" truecount="1" falsecount="1"/>
        <line num="46" count="10" type="stmt"/>
        <line num="49" count="0" type="stmt"/>
        <line num="52" count="10" type="cond" truecount="2" falsecount="0"/>
        <line num="53" count="7" type="stmt"/>
        <line num="56" count="10" type="stmt"/>
        <line num="57" count="10" type="cond" truecount="2" falsecount="0"/>
        <line num="58" count="7" type="stmt"/>
        <line num="61" count="10" type="stmt"/>
        <line num="63" count="10" type="stmt"/>
        <line num="65" count="10" type="cond" truecount="3" falsecount="1"/>
        <line num="66" count="10" type="cond" truecount="2" falsecount="0"/>
        <line num="67" count="3" type="stmt"/>
        <line num="70" count="7" type="stmt"/>
        <line num="75" count="10" type="stmt"/>
        <line num="77" count="10" type="cond" truecount="2" falsecount="0"/>
        <line num="78" count="1" type="stmt"/>
        <line num="79" count="3" type="stmt"/>
        <line num="80" count="3" type="stmt"/>
        <line num="82" count="3" type="cond" truecount="2" falsecount="0"/>
        <line num="83" count="1" type="stmt"/>
        <line num="91" count="2" type="cond" truecount="1" falsecount="1"/>
        <line num="92" count="2" type="stmt"/>
        <line num="95" count="2" type="cond" truecount="1" falsecount="1"/>
        <line num="96" count="0" type="stmt"/>
        <line num="99" count="2" type="stmt"/>
        <line num="102" count="3" type="stmt"/>
        <line num="105" count="1" type="stmt"/>
        <line num="106" count="1" type="stmt"/>
        <line num="107" count="1" type="stmt"/>
        <line num="132" count="10" type="stmt"/>
        <line num="260" count="4" type="stmt"/>
      </file>
    </package>
    <package name="reactnative.screens.charts.chartComponents">
      <metrics statements="29" coveredstatements="29" conditionals="29" coveredconditionals="29" methods="11" coveredmethods="11"/>
      <file name="barChart.js" path="C:\Users\Shozab\Desktop\Wallet-In-One\reactnative\screens\charts\chartComponents\barChart.js">
        <metrics statements="4" coveredstatements="4" conditionals="8" coveredconditionals="8" methods="3" coveredmethods="3"/>
        <line num="5" count="7" type="cond" truecount="8" falsecount="0"/>
        <line num="7" count="5" type="stmt"/>
        <line num="10" count="40" type="stmt"/>
        <line num="15" count="20" type="stmt"/>
      </file>
      <file name="noWallets.js" path="C:\Users\Shozab\Desktop\Wallet-In-One\reactnative\screens\charts\chartComponents\noWallets.js">
        <metrics statements="2" coveredstatements="2" conditionals="0" coveredconditionals="0" methods="1" coveredmethods="1"/>
        <line num="7" count="2" type="stmt"/>
        <line num="9" count="2" type="stmt"/>
      </file>
      <file name="pieChart.js" path="C:\Users\Shozab\Desktop\Wallet-In-One\reactnative\screens\charts\chartComponents\pieChart.js">
        <metrics statements="16" coveredstatements="16" conditionals="12" coveredconditionals="12" methods="2" coveredmethods="2"/>
        <line num="22" count="8" type="stmt"/>
        <line num="23" count="8" type="stmt"/>
        <line num="24" count="8" type="stmt"/>
        <line num="26" count="8" type="cond" truecount="8" falsecount="0"/>
        <line num="28" count="7" type="stmt"/>
        <line num="29" count="7" type="stmt"/>
        <line num="30" count="24" type="stmt"/>
        <line num="32" count="7" type="stmt"/>
        <line num="34" count="7" type="stmt"/>
        <line num="35" count="7" type="stmt"/>
        <line num="36" count="7" type="cond" truecount="2" falsecount="0"/>
        <line num="37" count="1" type="stmt"/>
        <line num="38" count="1" type="stmt"/>
        <line num="41" count="7" type="stmt"/>
        <line num="65" count="24" type="stmt"/>
        <line num="123" count="2" type="stmt"/>
      </file>
      <file name="stackedBarChart.js" path="C:\Users\Shozab\Desktop\Wallet-In-One\reactnative\screens\charts\chartComponents\stackedBarChart.js">
        <metrics statements="7" coveredstatements="7" conditionals="9" coveredconditionals="9" methods="5" coveredmethods="5"/>
        <line num="11" count="6" type="stmt"/>
        <line num="12" count="6" type="stmt"/>
        <line num="43" count="4" type="stmt"/>
        <line num="58" count="4" type="stmt"/>
        <line num="73" count="4" type="stmt"/>
        <line num="88" count="4" type="stmt"/>
        <line num="110" count="2" type="stmt"/>
      </file>
    </package>
    <package name="reactnative.screens.cryptoExchanges">
      <metrics statements="109" coveredstatements="19" conditionals="50" coveredconditionals="4" methods="38" coveredmethods="12"/>
      <file name="ExchangeAsset.jsx" path="C:\Users\Shozab\Desktop\Wallet-In-One\reactnative\screens\cryptoExchanges\ExchangeAsset.jsx">
        <metrics statements="5" coveredstatements="4" conditionals="4" coveredconditionals="4" methods="3" coveredmethods="2"/>
        <line num="19" count="4" type="stmt"/>
        <line num="21" count="4" type="stmt"/>
        <line num="40" count="4" type="stmt"/>
        <line num="43" count="0" type="stmt"/>
        <line num="77" count="2" type="cond" truecount="2" falsecount="0"/>
      </file>
      <file name="ExchangeCredentials.js" path="C:\Users\Shozab\Desktop\Wallet-In-One\reactnative\screens\cryptoExchanges\ExchangeCredentials.js">
        <metrics statements="20" coveredstatements="0" conditionals="6" coveredconditionals="0" methods="3" coveredmethods="0"/>
        <line num="9" count="0" type="stmt"/>
        <line num="10" count="0" type="stmt"/>
        <line num="11" count="0" type="stmt"/>
        <line num="12" count="0" type="stmt"/>
        <line num="14" count="0" type="stmt"/>
        <line num="15" count="0" type="cond" truecount="0" falsecount="4"/>
        <line num="16" count="0" type="stmt"/>
        <line num="17" count="0" type="stmt"/>
        <line num="20" count="0" type="stmt"/>
        <line num="21" count="0" type="stmt"/>
        <line num="29" count="0" type="stmt"/>
        <line num="30" count="0" type="stmt"/>
        <line num="31" count="0" type="cond" truecount="0" falsecount="2"/>
        <line num="32" count="0" type="stmt"/>
        <line num="36" count="0" type="stmt"/>
        <line num="40" count="0" type="stmt"/>
        <line num="43" count="0" type="stmt"/>
        <line num="44" count="0" type="stmt"/>
        <line num="48" count="0" type="stmt"/>
        <line num="73" count="0" type="stmt"/>
      </file>
      <file name="ExchangeTransactions.jsx" path="C:\Users\Shozab\Desktop\Wallet-In-One\reactnative\screens\cryptoExchanges\ExchangeTransactions.jsx">
        <metrics statements="52" coveredstatements="0" conditionals="38" coveredconditionals="0" methods="15" coveredmethods="0"/>
        <line num="15" count="0" type="stmt"/>
        <line num="16" count="0" type="stmt"/>
        <line num="17" count="0" type="stmt"/>
        <line num="18" count="0" type="stmt"/>
        <line num="19" count="0" type="stmt"/>
        <line num="20" count="0" type="stmt"/>
        <line num="21" count="0" type="stmt"/>
        <line num="22" count="0" type="stmt"/>
        <line num="23" count="0" type="stmt"/>
        <line num="79" count="0" type="stmt"/>
        <line num="80" count="0" type="stmt"/>
        <line num="81" count="0" type="stmt"/>
        <line num="88" count="0" type="stmt"/>
        <line num="89" count="0" type="stmt"/>
        <line num="91" count="0" type="stmt"/>
        <line num="95" count="0" type="stmt"/>
        <line num="96" count="0" type="stmt"/>
        <line num="97" count="0" type="stmt"/>
        <line num="104" count="0" type="stmt"/>
        <line num="105" count="0" type="stmt"/>
        <line num="106" count="0" type="stmt"/>
        <line num="108" count="0" type="stmt"/>
        <line num="112" count="0" type="stmt"/>
        <line num="113" count="0" type="cond" truecount="0" falsecount="2"/>
        <line num="114" count="0" type="stmt"/>
        <line num="115" count="0" type="stmt"/>
        <line num="119" count="0" type="cond" truecount="0" falsecount="4"/>
        <line num="123" count="0" type="stmt"/>
        <line num="137" count="0" type="stmt"/>
        <line num="138" count="0" type="stmt"/>
        <line num="139" count="0" type="stmt"/>
        <line num="141" count="0" type="stmt"/>
        <line num="142" count="0" type="stmt"/>
        <line num="143" count="0" type="stmt"/>
        <line num="144" count="0" type="stmt"/>
        <line num="145" count="0" type="stmt"/>
        <line num="146" count="0" type="cond" truecount="0" falsecount="2"/>
        <line num="147" count="0" type="stmt"/>
        <line num="148" count="0" type="stmt"/>
        <line num="149" count="0" type="stmt"/>
        <line num="150" count="0" type="stmt"/>
        <line num="152" count="0" type="stmt"/>
        <line num="155" count="0" type="stmt"/>
        <line num="156" count="0" type="stmt"/>
        <line num="157" count="0" type="stmt"/>
        <line num="160" count="0" type="stmt"/>
        <line num="163" count="0" type="stmt"/>
        <line num="169" count="0" type="stmt"/>
        <line num="182" count="0" type="stmt"/>
        <line num="183" count="0" type="stmt"/>
        <line num="224" count="0" type="stmt"/>
        <line num="278" count="0" type="stmt"/>
      </file>
      <file name="Update.jsx" path="C:\Users\Shozab\Desktop\Wallet-In-One\reactnative\screens\cryptoExchanges\Update.jsx">
        <metrics statements="14" coveredstatements="0" conditionals="2" coveredconditionals="0" methods="3" coveredmethods="0"/>
        <line num="10" count="0" type="stmt"/>
        <line num="12" count="0" type="stmt"/>
        <line num="14" count="0" type="stmt"/>
        <line num="15" count="0" type="stmt"/>
        <line num="23" count="0" type="stmt"/>
        <line num="24" count="0" type="stmt"/>
        <line num="25" count="0" type="cond" truecount="0" falsecount="2"/>
        <line num="26" count="0" type="stmt"/>
        <line num="28" count="0" type="stmt"/>
        <line num="31" count="0" type="stmt"/>
        <line num="32" count="0" type="stmt"/>
        <line num="36" count="0" type="stmt"/>
        <line num="74" count="0" type="stmt"/>
        <line num="77" count="0" type="stmt"/>
      </file>
      <file name="useCryptoExchange.js" path="C:\Users\Shozab\Desktop\Wallet-In-One\reactnative\screens\cryptoExchanges\useCryptoExchange.js">
        <metrics statements="11" coveredstatements="8" conditionals="0" coveredconditionals="0" methods="9" coveredmethods="5"/>
        <line num="8" count="27" type="stmt"/>
        <line num="10" count="27" type="stmt"/>
        <line num="11" count="6" type="stmt"/>
        <line num="18" count="6" type="stmt"/>
        <line num="19" count="4" type="stmt"/>
        <line num="20" count="2" type="stmt"/>
        <line num="23" count="27" type="stmt"/>
        <line num="24" count="0" type="stmt"/>
        <line num="34" count="0" type="stmt"/>
        <line num="35" count="0" type="stmt"/>
        <line num="39" count="27" type="stmt"/>
      </file>
      <file name="useCryptoExchangeBalances.js" path="C:\Users\Shozab\Desktop\Wallet-In-One\reactnative\screens\cryptoExchanges\useCryptoExchangeBalances.js">
        <metrics statements="7" coveredstatements="7" conditionals="0" coveredconditionals="0" methods="5" coveredmethods="5"/>
        <line num="7" count="6" type="stmt"/>
        <line num="9" count="6" type="stmt"/>
        <line num="10" count="3" type="stmt"/>
        <line num="17" count="3" type="stmt"/>
        <line num="18" count="1" type="stmt"/>
        <line num="19" count="2" type="stmt"/>
        <line num="22" count="6" type="stmt"/>
      </file>
    </package>
    <package name="reactnative.screens.crypto_wallet">
      <metrics statements="82" coveredstatements="82" conditionals="12" coveredconditionals="12" methods="40" coveredmethods="40"/>
      <file name="CryptoListWalletItem.jsx" path="C:\Users\Shozab\Desktop\Wallet-In-One\reactnative\screens\crypto_wallet\CryptoListWalletItem.jsx">
        <metrics statements="13" coveredstatements="13" conditionals="0" coveredconditionals="0" methods="8" coveredmethods="8"/>
        <line num="14" count="11" type="stmt"/>
        <line num="15" count="11" type="stmt"/>
        <line num="17" count="11" type="stmt"/>
        <line num="35" count="11" type="stmt"/>
        <line num="36" count="5" type="stmt"/>
        <line num="37" count="5" type="stmt"/>
        <line num="38" count="2" type="stmt"/>
        <line num="39" count="2" type="stmt"/>
        <line num="40" count="3" type="stmt"/>
        <line num="43" count="11" type="stmt"/>
        <line num="44" count="5" type="stmt"/>
        <line num="48" count="11" type="stmt"/>
        <line num="51" count="1" type="stmt"/>
      </file>
      <file name="CryptoWalletConnector.jsx" path="C:\Users\Shozab\Desktop\Wallet-In-One\reactnative\screens\crypto_wallet\CryptoWalletConnector.jsx">
        <metrics statements="10" coveredstatements="10" conditionals="2" coveredconditionals="2" methods="4" coveredmethods="4"/>
        <line num="16" count="4" type="stmt"/>
        <line num="17" count="4" type="stmt"/>
        <line num="18" count="4" type="stmt"/>
        <line num="19" count="4" type="stmt"/>
        <line num="21" count="4" type="stmt"/>
        <line num="34" count="4" type="stmt"/>
        <line num="53" count="1" type="stmt"/>
        <line num="66" count="1" type="stmt"/>
        <line num="67" count="1" type="stmt"/>
        <line num="68" count="1" type="stmt"/>
      </file>
      <file name="CryptoWalletDetail.jsx" path="C:\Users\Shozab\Desktop\Wallet-In-One\reactnative\screens\crypto_wallet\CryptoWalletDetail.jsx">
        <metrics statements="42" coveredstatements="42" conditionals="8" coveredconditionals="8" methods="17" coveredmethods="17"/>
        <line num="24" count="32" type="stmt"/>
        <line num="25" count="32" type="stmt"/>
        <line num="26" count="32" type="stmt"/>
        <line num="27" count="32" type="stmt"/>
        <line num="28" count="32" type="stmt"/>
        <line num="29" count="32" type="stmt"/>
        <line num="30" count="32" type="stmt"/>
        <line num="31" count="32" type="stmt"/>
        <line num="32" count="32" type="stmt"/>
        <line num="35" count="32" type="stmt"/>
        <line num="36" count="6" type="stmt"/>
        <line num="43" count="6" type="stmt"/>
        <line num="44" count="5" type="stmt"/>
        <line num="45" count="1" type="stmt"/>
        <line num="48" count="32" type="stmt"/>
        <line num="49" count="11" type="stmt"/>
        <line num="50" count="11" type="stmt"/>
        <line num="52" count="11" type="stmt"/>
        <line num="53" count="15" type="stmt"/>
        <line num="54" count="15" type="stmt"/>
        <line num="55" count="15" type="stmt"/>
        <line num="57" count="11" type="stmt"/>
        <line num="60" count="32" type="stmt"/>
        <line num="61" count="4" type="stmt"/>
        <line num="64" count="32" type="stmt"/>
        <line num="65" count="6" type="stmt"/>
        <line num="68" count="32" type="stmt"/>
        <line num="69" count="11" type="stmt"/>
        <line num="70" count="11" type="stmt"/>
        <line num="73" count="32" type="stmt"/>
        <line num="90" count="32" type="stmt"/>
        <line num="106" count="4" type="stmt"/>
        <line num="162" count="3" type="stmt"/>
        <line num="174" count="1" type="stmt"/>
        <line num="175" count="1" type="stmt"/>
        <line num="189" count="2" type="stmt"/>
        <line num="230" count="6" type="stmt"/>
        <line num="246" count="6" type="stmt"/>
        <line num="247" count="6" type="stmt"/>
        <line num="255" count="6" type="stmt"/>
        <line num="256" count="6" type="stmt"/>
        <line num="258" count="6" type="stmt"/>
      </file>
      <file name="useCryptoWallet.js" path="C:\Users\Shozab\Desktop\Wallet-In-One\reactnative\screens\crypto_wallet\useCryptoWallet.js">
        <metrics statements="17" coveredstatements="17" conditionals="2" coveredconditionals="2" methods="11" coveredmethods="11"/>
        <line num="8" count="40" type="stmt"/>
        <line num="10" count="40" type="stmt"/>
        <line num="11" count="5" type="stmt"/>
        <line num="18" count="5" type="stmt"/>
        <line num="19" count="2" type="stmt"/>
        <line num="20" count="3" type="stmt"/>
        <line num="23" count="40" type="stmt"/>
        <line num="24" count="4" type="stmt"/>
        <line num="36" count="1" type="stmt"/>
        <line num="38" count="4" type="stmt"/>
        <line num="40" count="3" type="cond" truecount="2" falsecount="0"/>
        <line num="41" count="1" type="stmt"/>
        <line num="44" count="40" type="stmt"/>
        <line num="45" count="2" type="stmt"/>
        <line num="52" count="1" type="stmt"/>
        <line num="53" count="1" type="stmt"/>
        <line num="57" count="40" type="stmt"/>
      </file>
    </package>
    <package name="reactnative.screens.cryptocurrency">
      <metrics statements="84" coveredstatements="75" conditionals="28" coveredconditionals="26" methods="35" coveredmethods="34"/>
      <file name="CryptoConnector.jsx" path="C:\Users\Shozab\Desktop\Wallet-In-One\reactnative\screens\cryptocurrency\CryptoConnector.jsx">
        <metrics statements="8" coveredstatements="8" conditionals="0" coveredconditionals="0" methods="5" coveredmethods="5"/>
        <line num="20" count="2" type="stmt"/>
        <line num="21" count="2" type="stmt"/>
        <line num="23" count="2" type="stmt"/>
        <line num="36" count="2" type="stmt"/>
        <line num="48" count="16" type="stmt"/>
        <line num="50" count="1" type="stmt"/>
        <line num="73" count="10" type="stmt"/>
        <line num="75" count="1" type="stmt"/>
      </file>
      <file name="CryptoInsights.jsx" path="C:\Users\Shozab\Desktop\Wallet-In-One\reactnative\screens\cryptocurrency\CryptoInsights.jsx">
        <metrics statements="52" coveredstatements="52" conditionals="22" coveredconditionals="22" methods="24" coveredmethods="24"/>
        <line num="12" count="17" type="stmt"/>
        <line num="13" count="17" type="stmt"/>
        <line num="14" count="17" type="stmt"/>
        <line num="15" count="17" type="stmt"/>
        <line num="16" count="17" type="stmt"/>
        <line num="18" count="17" type="stmt"/>
        <line num="47" count="17" type="stmt"/>
        <line num="48" count="6" type="stmt"/>
        <line num="49" count="6" type="stmt"/>
        <line num="52" count="17" type="stmt"/>
        <line num="53" count="6" type="stmt"/>
        <line num="60" count="6" type="stmt"/>
        <line num="61" count="4" type="stmt"/>
        <line num="62" count="2" type="stmt"/>
        <line num="65" count="17" type="stmt"/>
        <line num="66" count="6" type="stmt"/>
        <line num="73" count="6" type="stmt"/>
        <line num="75" count="4" type="stmt"/>
        <line num="77" count="4" type="stmt"/>
        <line num="79" count="3" type="cond" truecount="4" falsecount="0"/>
        <line num="80" count="1" type="stmt"/>
        <line num="83" count="2" type="stmt"/>
        <line num="84" count="62" type="stmt"/>
        <line num="85" count="62" type="cond" truecount="2" falsecount="0"/>
        <line num="86" count="62" type="stmt"/>
        <line num="87" count="62" type="stmt"/>
        <line num="91" count="2" type="stmt"/>
        <line num="92" count="4" type="stmt"/>
        <line num="93" count="2" type="stmt"/>
        <line num="94" count="2" type="stmt"/>
        <line num="95" count="4" type="stmt"/>
        <line num="96" count="2" type="stmt"/>
        <line num="104" count="2" type="stmt"/>
        <line num="107" count="3" type="stmt"/>
        <line num="110" count="17" type="stmt"/>
        <line num="113" count="52" type="stmt"/>
        <line num="119" count="17" type="stmt"/>
        <line num="134" count="12" type="stmt"/>
        <line num="152" count="12" type="stmt"/>
        <line num="170" count="12" type="stmt"/>
        <line num="218" count="66" type="stmt"/>
        <line num="219" count="66" type="stmt"/>
        <line num="221" count="66" type="stmt"/>
        <line num="222" count="18" type="stmt"/>
        <line num="223" count="18" type="stmt"/>
        <line num="224" count="16" type="stmt"/>
        <line num="225" count="16" type="stmt"/>
        <line num="226" count="2" type="stmt"/>
        <line num="229" count="66" type="stmt"/>
        <line num="230" count="18" type="stmt"/>
        <line num="233" count="66" type="stmt"/>
        <line num="248" count="66" type="stmt"/>
      </file>
      <file name="CryptoList.jsx" path="C:\Users\Shozab\Desktop\Wallet-In-One\reactnative\screens\cryptocurrency\CryptoList.jsx">
        <metrics statements="24" coveredstatements="15" conditionals="6" coveredconditionals="4" methods="6" coveredmethods="5"/>
        <line num="24" count="6" type="stmt"/>
        <line num="25" count="6" type="stmt"/>
        <line num="26" count="6" type="stmt"/>
        <line num="27" count="6" type="stmt"/>
        <line num="28" count="6" type="stmt"/>
        <line num="30" count="6" type="stmt"/>
        <line num="70" count="6" type="stmt"/>
        <line num="71" count="3" type="stmt"/>
        <line num="72" count="3" type="stmt"/>
        <line num="73" count="3" type="stmt"/>
        <line num="76" count="6" type="stmt"/>
        <line num="78" count="0" type="stmt"/>
        <line num="79" count="0" type="stmt"/>
        <line num="87" count="0" type="stmt"/>
        <line num="88" count="0" type="stmt"/>
        <line num="89" count="0" type="cond" truecount="0" falsecount="2"/>
        <line num="90" count="0" type="stmt"/>
        <line num="92" count="0" type="stmt"/>
        <line num="95" count="0" type="stmt"/>
        <line num="96" count="0" type="stmt"/>
        <line num="100" count="6" type="stmt"/>
        <line num="123" count="1" type="stmt"/>
        <line num="139" count="6" type="stmt"/>
        <line num="156" count="4" type="stmt"/>
      </file>
    </package>
    <package name="reactnative.screens.cryptocurrency.icons">
      <metrics statements="2" coveredstatements="2" conditionals="0" coveredconditionals="0" methods="1" coveredmethods="1"/>
      <file name="icon.js" path="C:\Users\Shozab\Desktop\Wallet-In-One\reactnative\screens\cryptocurrency\icons\icon.js">
        <metrics statements="2" coveredstatements="2" conditionals="0" coveredconditionals="0" methods="1" coveredmethods="1"/>
        <line num="1" count="6" type="stmt"/>
        <line num="18" count="143" type="stmt"/>
      </file>
    </package>
    <package name="reactnative.screens.pre_logged_in">
      <metrics statements="64" coveredstatements="51" conditionals="14" coveredconditionals="6" methods="28" coveredmethods="26"/>
      <file name="AboutUsScreen.js" path="C:\Users\Shozab\Desktop\Wallet-In-One\reactnative\screens\pre_logged_in\AboutUsScreen.js">
        <metrics statements="5" coveredstatements="5" conditionals="0" coveredconditionals="0" methods="3" coveredmethods="3"/>
        <line num="16" count="3" type="stmt"/>
        <line num="18" count="3" type="stmt"/>
        <line num="87" count="3" type="stmt"/>
        <line num="132" count="1" type="stmt"/>
        <line num="139" count="1" type="stmt"/>
      </file>
      <file name="DeveloperInfoScreen.js" path="C:\Users\Shozab\Desktop\Wallet-In-One\reactnative\screens\pre_logged_in\DeveloperInfoScreen.js">
        <metrics statements="12" coveredstatements="12" conditionals="0" coveredconditionals="0" methods="10" coveredmethods="10"/>
        <line num="17" count="10" type="stmt"/>
        <line num="19" count="10" type="stmt"/>
        <line num="91" count="10" type="stmt"/>
        <line num="133" count="1" type="stmt"/>
        <line num="149" count="1" type="stmt"/>
        <line num="165" count="1" type="stmt"/>
        <line num="181" count="1" type="stmt"/>
        <line num="197" count="1" type="stmt"/>
        <line num="213" count="1" type="stmt"/>
        <line num="229" count="1" type="stmt"/>
        <line num="245" count="1" type="stmt"/>
        <line num="259" count="1" type="stmt"/>
      </file>
      <file name="SignUpScreen.js" path="C:\Users\Shozab\Desktop\Wallet-In-One\reactnative\screens\pre_logged_in\SignUpScreen.js">
        <metrics statements="39" coveredstatements="26" conditionals="12" coveredconditionals="5" methods="10" coveredmethods="8"/>
        <line num="23" count="11" type="stmt"/>
        <line num="25" count="11" type="stmt"/>
        <line num="27" count="11" type="stmt"/>
        <line num="28" count="11" type="stmt"/>
        <line num="29" count="11" type="stmt"/>
        <line num="30" count="11" type="stmt"/>
        <line num="31" count="11" type="stmt"/>
        <line num="32" count="11" type="stmt"/>
        <line num="34" count="11" type="stmt"/>
        <line num="36" count="11" type="stmt"/>
        <line num="38" count="0" type="stmt"/>
        <line num="47" count="11" type="stmt"/>
        <line num="48" count="2" type="stmt"/>
        <line num="64" count="2" type="stmt"/>
        <line num="68" count="2" type="cond" truecount="1" falsecount="1"/>
        <line num="69" count="2" type="stmt"/>
        <line num="70" count="2" type="stmt"/>
        <line num="71" count="0" type="cond" truecount="0" falsecount="2"/>
        <line num="72" count="0" type="stmt"/>
        <line num="73" count="0" type="stmt"/>
        <line num="76" count="0" type="cond" truecount="0" falsecount="2"/>
        <line num="77" count="0" type="stmt"/>
        <line num="78" count="0" type="stmt"/>
        <line num="86" count="0" type="cond" truecount="0" falsecount="2"/>
        <line num="88" count="0" type="stmt"/>
        <line num="89" count="0" type="stmt"/>
        <line num="90" count="0" type="stmt"/>
        <line num="98" count="0" type="stmt"/>
        <line num="102" count="0" type="stmt"/>
        <line num="106" count="11" type="stmt"/>
        <line num="107" count="66" type="cond" truecount="2" falsecount="0"/>
        <line num="108" count="10" type="stmt"/>
        <line num="110" count="56" type="stmt"/>
        <line num="114" count="66" type="cond" truecount="2" falsecount="0"/>
        <line num="115" count="10" type="stmt"/>
        <line num="118" count="10" type="stmt"/>
        <line num="127" count="56" type="stmt"/>
        <line num="130" count="11" type="stmt"/>
        <line num="192" count="1" type="stmt"/>
      </file>
      <file name="StartScreen.js" path="C:\Users\Shozab\Desktop\Wallet-In-One\reactnative\screens\pre_logged_in\StartScreen.js">
        <metrics statements="8" coveredstatements="8" conditionals="2" coveredconditionals="1" methods="5" coveredmethods="5"/>
        <line num="14" count="4" type="stmt"/>
        <line num="15" count="4" type="cond" truecount="1" falsecount="1"/>
        <line num="21" count="4" type="stmt"/>
        <line num="23" count="4" type="stmt"/>
        <line num="76" count="4" type="stmt"/>
        <line num="91" count="1" type="stmt"/>
        <line num="97" count="1" type="stmt"/>
        <line num="103" count="1" type="stmt"/>
      </file>
    </package>
    <package name="reactnative.screens.stocks">
      <metrics statements="266" coveredstatements="73" conditionals="94" coveredconditionals="27" methods="77" coveredmethods="17"/>
      <file name="AddStocksScreen.tsx" path="C:\Users\Shozab\Desktop\Wallet-In-One\reactnative\screens\stocks\AddStocksScreen.tsx">
        <metrics statements="83" coveredstatements="0" conditionals="12" coveredconditionals="0" methods="19" coveredmethods="0"/>
        <line num="14" count="0" type="stmt"/>
        <line num="17" count="0" type="stmt"/>
        <line num="18" count="0" type="stmt"/>
        <line num="19" count="0" type="stmt"/>
        <line num="20" count="0" type="stmt"/>
        <line num="21" count="0" type="stmt"/>
        <line num="22" count="0" type="stmt"/>
        <line num="23" count="0" type="stmt"/>
        <line num="24" count="0" type="stmt"/>
        <line num="25" count="0" type="stmt"/>
        <line num="27" count="0" type="stmt"/>
        <line num="29" count="0" type="stmt"/>
        <line num="64" count="0" type="stmt"/>
        <line num="66" count="0" type="stmt"/>
        <line num="67" count="0" type="stmt"/>
        <line num="76" count="0" type="stmt"/>
        <line num="77" count="0" type="stmt"/>
        <line num="80" count="0" type="stmt"/>
        <line num="81" count="0" type="stmt"/>
        <line num="82" count="0" type="stmt"/>
        <line num="83" count="0" type="stmt"/>
        <line num="85" count="0" type="cond" truecount="0" falsecount="2"/>
        <line num="88" count="0" type="stmt"/>
        <line num="89" count="0" type="stmt"/>
        <line num="92" count="0" type="stmt"/>
        <line num="93" count="0" type="stmt"/>
        <line num="96" count="0" type="stmt"/>
        <line num="97" count="0" type="stmt"/>
        <line num="100" count="0" type="stmt"/>
        <line num="101" count="0" type="stmt"/>
        <line num="102" count="0" type="stmt"/>
        <line num="105" count="0" type="stmt"/>
        <line num="106" count="0" type="stmt"/>
        <line num="109" count="0" type="stmt"/>
        <line num="110" count="0" type="stmt"/>
        <line num="111" count="0" type="stmt"/>
        <line num="112" count="0" type="stmt"/>
        <line num="115" count="0" type="stmt"/>
        <line num="116" count="0" type="stmt"/>
        <line num="124" count="0" type="stmt"/>
        <line num="125" count="0" type="cond" truecount="0" falsecount="2"/>
        <line num="126" count="0" type="stmt"/>
        <line num="130" count="0" type="stmt"/>
        <line num="131" count="0" type="stmt"/>
        <line num="134" count="0" type="stmt"/>
        <line num="135" count="0" type="stmt"/>
        <line num="138" count="0" type="stmt"/>
        <line num="139" count="0" type="stmt"/>
        <line num="140" count="0" type="stmt"/>
        <line num="141" count="0" type="stmt"/>
        <line num="155" count="0" type="stmt"/>
        <line num="159" count="0" type="stmt"/>
        <line num="160" count="0" type="stmt"/>
        <line num="163" count="0" type="stmt"/>
        <line num="164" count="0" type="stmt"/>
        <line num="167" count="0" type="stmt"/>
        <line num="168" count="0" type="stmt"/>
        <line num="169" count="0" type="stmt"/>
        <line num="172" count="0" type="stmt"/>
        <line num="173" count="0" type="cond" truecount="0" falsecount="2"/>
        <line num="174" count="0" type="stmt"/>
        <line num="180" count="0" type="stmt"/>
        <line num="188" count="0" type="stmt"/>
        <line num="190" count="0" type="stmt"/>
        <line num="195" count="0" type="stmt"/>
        <line num="196" count="0" type="stmt"/>
        <line num="198" count="0" type="stmt"/>
        <line num="199" count="0" type="stmt"/>
        <line num="200" count="0" type="stmt"/>
        <line num="201" count="0" type="stmt"/>
        <line num="203" count="0" type="stmt"/>
        <line num="204" count="0" type="stmt"/>
        <line num="205" count="0" type="stmt"/>
        <line num="207" count="0" type="cond" truecount="0" falsecount="2"/>
        <line num="208" count="0" type="stmt"/>
        <line num="209" count="0" type="stmt"/>
        <line num="211" count="0" type="stmt"/>
        <line num="212" count="0" type="stmt"/>
        <line num="213" count="0" type="stmt"/>
        <line num="215" count="0" type="stmt"/>
        <line num="217" count="0" type="stmt"/>
        <line num="218" count="0" type="stmt"/>
        <line num="249" count="0" type="stmt"/>
      </file>
      <file name="ListStocksScreen.js" path="C:\Users\Shozab\Desktop\Wallet-In-One\reactnative\screens\stocks\ListStocksScreen.js">
        <metrics statements="44" coveredstatements="31" conditionals="14" coveredconditionals="9" methods="12" coveredmethods="8"/>
        <line num="26" count="1" type="stmt"/>
        <line num="28" count="11" type="stmt"/>
        <line num="29" count="11" type="stmt"/>
        <line num="30" count="11" type="stmt"/>
        <line num="31" count="11" type="stmt"/>
        <line num="32" count="11" type="stmt"/>
        <line num="34" count="11" type="stmt"/>
        <line num="36" count="11" type="stmt"/>
        <line num="64" count="11" type="stmt"/>
        <line num="65" count="3" type="stmt"/>
        <line num="66" count="3" type="stmt"/>
        <line num="67" count="3" type="stmt"/>
        <line num="69" count="3" type="cond" truecount="2" falsecount="0"/>
        <line num="70" count="2" type="stmt"/>
        <line num="71" count="2" type="stmt"/>
        <line num="74" count="3" type="stmt"/>
        <line num="75" count="3" type="stmt"/>
        <line num="104" count="3" type="cond" truecount="1" falsecount="1"/>
        <line num="105" count="3" type="stmt"/>
        <line num="109" count="11" type="stmt"/>
        <line num="110" count="2" type="stmt"/>
        <line num="111" count="2" type="stmt"/>
        <line num="112" count="2" type="stmt"/>
        <line num="113" count="2" type="stmt"/>
        <line num="114" count="2" type="stmt"/>
        <line num="119" count="0" type="stmt"/>
        <line num="133" count="11" type="stmt"/>
        <line num="134" count="0" type="stmt"/>
        <line num="135" count="0" type="stmt"/>
        <line num="137" count="0" type="stmt"/>
        <line num="138" count="0" type="stmt"/>
        <line num="140" count="0" type="stmt"/>
        <line num="141" count="0" type="stmt"/>
        <line num="142" count="0" type="stmt"/>
        <line num="143" count="0" type="stmt"/>
        <line num="145" count="0" type="cond" truecount="0" falsecount="2"/>
        <line num="146" count="0" type="stmt"/>
        <line num="148" count="0" type="stmt"/>
        <line num="151" count="11" type="cond" truecount="2" falsecount="0"/>
        <line num="152" count="3" type="stmt"/>
        <line num="155" count="8" type="stmt"/>
        <line num="160" count="0" type="stmt"/>
        <line num="163" count="4" type="stmt"/>
        <line num="166" count="1" type="stmt"/>
      </file>
      <file name="Map.js" path="C:\Users\Shozab\Desktop\Wallet-In-One\reactnative\screens\stocks\Map.js">
        <metrics statements="3" coveredstatements="3" conditionals="4" coveredconditionals="4" methods="1" coveredmethods="1"/>
        <line num="6" count="18" type="cond" truecount="4" falsecount="0"/>
        <line num="7" count="15" type="stmt"/>
        <line num="23" count="3" type="stmt"/>
      </file>
      <file name="StockAsset.jsx" path="C:\Users\Shozab\Desktop\Wallet-In-One\reactnative\screens\stocks\StockAsset.jsx">
        <metrics statements="72" coveredstatements="0" conditionals="31" coveredconditionals="0" methods="27" coveredmethods="0"/>
        <line num="21" count="0" type="stmt"/>
        <line num="22" count="0" type="stmt"/>
        <line num="23" count="0" type="stmt"/>
        <line num="24" count="0" type="stmt"/>
        <line num="26" count="0" type="stmt"/>
        <line num="100" count="0" type="stmt"/>
        <line num="101" count="0" type="stmt"/>
        <line num="102" count="0" type="stmt"/>
        <line num="109" count="0" type="cond" truecount="0" falsecount="2"/>
        <line num="110" count="0" type="stmt"/>
        <line num="111" count="0" type="stmt"/>
        <line num="112" count="0" type="stmt"/>
        <line num="116" count="0" type="stmt"/>
        <line num="120" count="0" type="stmt"/>
        <line num="121" count="0" type="cond" truecount="0" falsecount="2"/>
        <line num="122" count="0" type="stmt"/>
        <line num="126" count="0" type="stmt"/>
        <line num="127" count="0" type="stmt"/>
        <line num="130" count="0" type="stmt"/>
        <line num="131" count="0" type="stmt"/>
        <line num="134" count="0" type="cond" truecount="0" falsecount="2"/>
        <line num="135" count="0" type="stmt"/>
        <line num="144" count="0" type="stmt"/>
        <line num="150" count="0" type="stmt"/>
        <line num="151" count="0" type="stmt"/>
        <line num="152" count="0" type="stmt"/>
        <line num="154" count="0" type="stmt"/>
        <line num="157" count="0" type="stmt"/>
        <line num="158" count="0" type="stmt"/>
        <line num="161" count="0" type="stmt"/>
        <line num="162" count="0" type="stmt"/>
        <line num="165" count="0" type="stmt"/>
        <line num="166" count="0" type="stmt"/>
        <line num="167" count="0" type="stmt"/>
        <line num="168" count="0" type="stmt"/>
        <line num="169" count="0" type="stmt"/>
        <line num="171" count="0" type="stmt"/>
        <line num="172" count="0" type="stmt"/>
        <line num="174" count="0" type="cond" truecount="0" falsecount="4"/>
        <line num="175" count="0" type="stmt"/>
        <line num="177" count="0" type="stmt"/>
        <line num="180" count="0" type="stmt"/>
        <line num="188" count="0" type="stmt"/>
        <line num="193" count="0" type="stmt"/>
        <line num="196" count="0" type="stmt"/>
        <line num="197" count="0" type="stmt"/>
        <line num="200" count="0" type="stmt"/>
        <line num="201" count="0" type="stmt"/>
        <line num="204" count="0" type="stmt"/>
        <line num="205" count="0" type="stmt"/>
        <line num="208" count="0" type="stmt"/>
        <line num="209" count="0" type="stmt"/>
        <line num="210" count="0" type="stmt"/>
        <line num="213" count="0" type="stmt"/>
        <line num="215" count="0" type="stmt"/>
        <line num="216" count="0" type="stmt"/>
        <line num="219" count="0" type="stmt"/>
        <line num="220" count="0" type="stmt"/>
        <line num="222" count="0" type="stmt"/>
        <line num="246" count="0" type="cond" truecount="0" falsecount="2"/>
        <line num="247" count="0" type="stmt"/>
        <line num="250" count="0" type="stmt"/>
        <line num="254" count="0" type="stmt"/>
        <line num="292" count="0" type="stmt"/>
        <line num="341" count="0" type="stmt"/>
        <line num="344" count="0" type="stmt"/>
        <line num="368" count="0" type="stmt"/>
        <line num="371" count="0" type="stmt"/>
        <line num="372" count="0" type="stmt"/>
        <line num="384" count="0" type="stmt"/>
        <line num="391" count="0" type="stmt"/>
        <line num="392" count="0" type="stmt"/>
      </file>
      <file name="StockDetails.jsx" path="C:\Users\Shozab\Desktop\Wallet-In-One\reactnative\screens\stocks\StockDetails.jsx">
        <metrics statements="25" coveredstatements="0" conditionals="17" coveredconditionals="0" methods="10" coveredmethods="0"/>
        <line num="16" count="0" type="stmt"/>
        <line num="17" count="0" type="stmt"/>
        <line num="18" count="0" type="stmt"/>
        <line num="19" count="0" type="stmt"/>
        <line num="21" count="0" type="stmt"/>
        <line num="23" count="0" type="stmt"/>
        <line num="25" count="0" type="stmt"/>
        <line num="26" count="0" type="stmt"/>
        <line num="27" count="0" type="stmt"/>
        <line num="34" count="0" type="stmt"/>
        <line num="35" count="0" type="stmt"/>
        <line num="36" count="0" type="stmt"/>
        <line num="37" count="0" type="stmt"/>
        <line num="38" count="0" type="stmt"/>
        <line num="39" count="0" type="stmt"/>
        <line num="40" count="0" type="stmt"/>
        <line num="48" count="0" type="stmt"/>
        <line num="49" count="0" type="cond" truecount="0" falsecount="2"/>
        <line num="50" count="0" type="stmt"/>
        <line num="55" count="0" type="stmt"/>
        <line num="57" count="0" type="stmt"/>
        <line num="66" count="0" type="stmt"/>
        <line num="99" count="0" type="stmt"/>
        <line num="147" count="0" type="stmt"/>
        <line num="150" count="0" type="stmt"/>
      </file>
      <file name="StockTransactionData.js" path="C:\Users\Shozab\Desktop\Wallet-In-One\reactnative\screens\stocks\StockTransactionData.js">
        <metrics statements="16" coveredstatements="16" conditionals="6" coveredconditionals="5" methods="3" coveredmethods="3"/>
        <line num="14" count="7" type="stmt"/>
        <line num="15" count="7" type="stmt"/>
        <line num="16" count="7" type="stmt"/>
        <line num="17" count="7" type="stmt"/>
        <line num="19" count="7" type="stmt"/>
        <line num="48" count="7" type="stmt"/>
        <line num="49" count="3" type="stmt"/>
        <line num="50" count="3" type="stmt"/>
        <line num="51" count="3" type="cond" truecount="2" falsecount="0"/>
        <line num="52" count="2" type="stmt"/>
        <line num="53" count="2" type="stmt"/>
        <line num="56" count="3" type="cond" truecount="1" falsecount="1"/>
        <line num="57" count="3" type="stmt"/>
        <line num="61" count="7" type="cond" truecount="2" falsecount="0"/>
        <line num="62" count="5" type="stmt"/>
        <line num="65" count="2" type="stmt"/>
      </file>
      <file name="StocksInsightScreen.js" path="C:\Users\Shozab\Desktop\Wallet-In-One\reactnative\screens\stocks\StocksInsightScreen.js">
        <metrics statements="23" coveredstatements="23" conditionals="10" coveredconditionals="9" methods="5" coveredmethods="5"/>
        <line num="13" count="29" type="stmt"/>
        <line num="14" count="29" type="stmt"/>
        <line num="15" count="29" type="stmt"/>
        <line num="16" count="29" type="stmt"/>
        <line num="17" count="29" type="stmt"/>
        <line num="18" count="29" type="stmt"/>
        <line num="19" count="7" type="stmt"/>
        <line num="20" count="7" type="stmt"/>
        <line num="21" count="7" type="cond" truecount="2" falsecount="0"/>
        <line num="22" count="6" type="stmt"/>
        <line num="23" count="6" type="stmt"/>
        <line num="24" count="6" type="stmt"/>
        <line num="27" count="7" type="cond" truecount="1" falsecount="1"/>
        <line num="30" count="29" type="stmt"/>
        <line num="31" count="4" type="stmt"/>
        <line num="34" count="29" type="stmt"/>
        <line num="57" count="29" type="stmt"/>
        <line num="61" count="4" type="stmt"/>
        <line num="80" count="29" type="cond" truecount="2" falsecount="0"/>
        <line num="81" count="19" type="stmt"/>
        <line num="82" count="10" type="cond" truecount="4" falsecount="0"/>
        <line num="83" count="1" type="stmt"/>
        <line num="90" count="9" type="stmt"/>
      </file>
    </package>
    <package name="reactnative.src.theme">
      <metrics statements="25" coveredstatements="5" conditionals="13" coveredconditionals="0" methods="7" coveredmethods="1"/>
      <file name="ThemeProvider.js" path="C:\Users\Shozab\Desktop\Wallet-In-One\reactnative\src\theme\ThemeProvider.js">
        <metrics statements="23" coveredstatements="3" conditionals="13" coveredconditionals="0" methods="7" coveredmethods="1"/>
        <line num="4" count="29" type="stmt"/>
        <line num="13" count="29" type="stmt"/>
        <line num="14" count="0" type="stmt"/>
        <line num="15" count="0" type="stmt"/>
        <line num="20" count="0" type="cond" truecount="0" falsecount="2"/>
        <line num="21" count="0" type="stmt"/>
        <line num="24" count="0" type="stmt"/>
        <line num="27" count="0" type="stmt"/>
        <line num="29" count="0" type="cond" truecount="0" falsecount="2"/>
        <line num="30" count="0" type="stmt"/>
        <line num="32" count="0" type="cond" truecount="0" falsecount="2"/>
        <line num="33" count="0" type="stmt"/>
        <line num="35" count="0" type="cond" truecount="0" falsecount="2"/>
        <line num="36" count="0" type="stmt"/>
        <line num="38" count="0" type="cond" truecount="0" falsecount="2"/>
        <line num="39" count="0" type="stmt"/>
        <line num="42" count="0" type="stmt"/>
        <line num="47" count="0" type="stmt"/>
        <line num="48" count="0" type="stmt"/>
        <line num="51" count="0" type="stmt"/>
        <line num="54" count="0" type="stmt"/>
        <line num="57" count="0" type="stmt"/>
        <line num="66" count="455" type="stmt"/>
      </file>
      <file name="colors.js" path="C:\Users\Shozab\Desktop\Wallet-In-One\reactnative\src\theme\colors.js">
        <metrics statements="2" coveredstatements="2" conditionals="0" coveredconditionals="0" methods="0" coveredmethods="0"/>
        <line num="1" count="29" type="stmt"/>
        <line num="9" count="29" type="stmt"/>
      </file>
    </package>
  </project>
</coverage>
