TN:
SF:App.js
FN:10,App
FNF:1
FNH:0
FNDA:0,App
DA:12,0
DA:16,0
LF:2
LH:0
BRF:0
BRH:0
end_of_record
TN:
SF:Navigation.js
FN:40,Navigation
FN:45,(anonymous_1)
FN:68,(anonymous_2)
FN:80,(anonymous_3)
FN:102,(anonymous_4)
FN:153,HomePageNavigator
FNF:6
FNH:0
FNDA:0,Navigation
FNDA:0,(anonymous_1)
FNDA:0,(anonymous_2)
FNDA:0,(anonymous_3)
FNDA:0,(anonymous_4)
FNDA:0,HomePageNavigator
DA:37,0
DA:38,0
DA:42,0
DA:43,0
DA:45,0
DA:47,0
DA:69,0
DA:81,0
DA:103,0
DA:155,0
DA:157,0
LF:11
LH:0
BRDA:49,0,0,0
BRDA:49,0,1,0
BRDA:51,1,0,0
BRDA:51,1,1,0
BRDA:69,2,0,0
BRDA:69,2,1,0
BRDA:81,3,0,0
BRDA:81,3,1,0
BRDA:103,4,0,0
BRDA:103,4,1,0
BRF:10
BRH:0
end_of_record
TN:
SF:authentication.js
FN:6,(anonymous_0)
FN:33,(anonymous_1)
FN:45,(anonymous_2)
FN:55,(anonymous_3)
FN:65,(anonymous_4)
FN:71,(anonymous_5)
FN:76,(anonymous_6)
FN:79,(anonymous_7)
FN:83,(anonymous_8)
FNF:9
FNH:3
FNDA:19,(anonymous_0)
FNDA:0,(anonymous_1)
FNDA:0,(anonymous_2)
FNDA:0,(anonymous_3)
FNDA:0,(anonymous_4)
FNDA:19,(anonymous_5)
FNDA:19,(anonymous_6)
FNDA:0,(anonymous_7)
FNDA:0,(anonymous_8)
DA:4,0
DA:6,8
DA:7,19
DA:8,19
DA:9,19
DA:18,19
DA:19,0
DA:22,19
DA:24,19
DA:26,18
DA:29,1
DA:33,8
DA:34,0
DA:38,0
DA:39,0
DA:42,0
DA:45,8
DA:46,0
DA:47,0
DA:48,0
DA:49,0
DA:50,0
DA:55,8
DA:56,0
DA:58,0
DA:59,0
DA:60,0
DA:62,0
DA:65,8
DA:67,0
DA:68,0
DA:71,8
DA:72,19
DA:73,19
DA:76,8
DA:77,19
DA:79,8
DA:80,0
DA:83,8
DA:84,0
LF:40
LH:20
BRDA:6,0,0,0
BRDA:6,1,0,0
BRDA:6,2,0,0
BRDA:18,3,0,0
BRDA:18,3,1,19
BRDA:38,4,0,0
BRDA:38,4,1,0
BRDA:47,5,0,0
BRDA:47,5,1,0
BRDA:49,6,0,0
BRDA:49,6,1,0
BRDA:58,7,0,0
BRDA:58,7,1,0
BRDA:71,8,0,0
BRDA:71,9,0,0
BRDA:76,10,0,19
BRDA:76,11,0,19
BRDA:79,12,0,0
BRDA:79,13,0,0
BRDA:83,14,0,0
BRDA:83,15,0,0
BRF:21
BRH:3
end_of_record
TN:
SF:babel.config.js
FN:1,(anonymous_0)
FNF:1
FNH:0
FNDA:0,(anonymous_0)
DA:1,0
DA:2,0
DA:3,0
LF:3
LH:0
BRF:0
BRH:0
end_of_record
TN:
SF:data.js
FNF:0
FNH:0
DA:2,2
LF:1
LH:1
BRF:0
BRH:0
end_of_record
TN:
SF:index.js
FNF:0
FNH:0
DA:8,0
LF:1
LH:0
BRF:0
BRH:0
end_of_record
TN:
SF:metro.config.js
FNF:0
FNH:0
DA:2,0
DA:4,0
LF:2
LH:0
BRF:0
BRH:0
end_of_record
TN:
SF:screens\All_Styles.style.js
FN:3,(anonymous_0)
FNF:1
FNH:1
FNDA:602,(anonymous_0)
DA:3,602
LF:1
LH:1
BRF:0
BRH:0
end_of_record
TN:
SF:screens\LoginScreen.js
FN:23,SignUpScreen
FN:34,(anonymous_1)
FN:50,(anonymous_2)
FN:59,(anonymous_3)
FN:77,(anonymous_4)
FN:84,ErrorMessage
FN:88,(anonymous_6)
FNF:7
FNH:6
FNDA:10,SignUpScreen
FNDA:3,(anonymous_1)
FNDA:0,(anonymous_2)
FNDA:1,(anonymous_3)
FNDA:20,(anonymous_4)
FNDA:30,ErrorMessage
FNDA:3,(anonymous_6)
DA:25,10
DA:27,10
DA:29,10
DA:30,10
DA:32,10
DA:34,10
DA:35,3
DA:36,3
DA:37,0
DA:38,3
DA:39,2
DA:41,2
DA:42,1
DA:45,1
DA:46,1
DA:49,10
DA:51,0
DA:59,10
DA:60,1
DA:63,1
DA:64,1
DA:65,0
DA:66,0
DA:77,10
DA:78,20
DA:79,4
DA:81,16
DA:85,30
DA:86,3
DA:89,3
DA:98,27
DA:101,10
DA:130,1
LF:33
LH:29
BRDA:36,0,0,0
BRDA:36,0,1,3
BRDA:38,1,0,2
BRDA:38,1,1,1
BRDA:38,2,0,3
BRDA:38,2,1,2
BRDA:41,3,0,1
BRDA:41,3,1,1
BRDA:64,4,0,0
BRDA:64,4,1,1
BRDA:78,5,0,4
BRDA:78,5,1,16
BRDA:78,6,0,20
BRDA:78,6,1,18
BRDA:85,7,0,3
BRDA:85,7,1,27
BRF:16
BRH:14
end_of_record
TN:
SF:screens\Modal.js
FN:5,ConditionalModal
FN:93,(anonymous_1)
FNF:2
FNH:1
FNDA:4,ConditionalModal
FNDA:0,(anonymous_1)
DA:6,4
DA:8,4
DA:69,4
DA:70,4
DA:72,4
DA:74,4
DA:75,0
DA:78,4
DA:79,0
DA:82,4
DA:83,0
DA:87,4
DA:94,0
DA:95,0
LF:14
LH:9
BRDA:74,0,0,0
BRDA:74,0,1,4
BRDA:78,1,0,0
BRDA:78,1,1,4
BRDA:82,2,0,0
BRDA:82,2,1,4
BRDA:82,3,0,4
BRDA:82,3,1,0
BRF:8
BRH:4
end_of_record
TN:
SF:screens\SendNotification.js
FN:2,(anonymous_0)
FN:15,(anonymous_1)
FNF:2
FNH:0
FNDA:0,(anonymous_0)
FNDA:0,(anonymous_1)
DA:2,0
DA:3,0
DA:4,0
DA:5,0
DA:12,0
DA:15,0
DA:16,0
DA:17,0
DA:18,0
DA:25,0
LF:10
LH:0
BRDA:3,0,0,0
BRDA:3,0,1,0
BRDA:16,1,0,0
BRDA:16,1,1,0
BRF:4
BRH:0
end_of_record
TN:
SF:screens\SettingsPage.js
FN:24,SettingsPage
FN:108,Item
FN:109,(anonymous_2)
FN:119,(anonymous_3)
FN:120,loadNotificationSetting
FN:133,(anonymous_5)
FN:145,(anonymous_6)
FN:147,(anonymous_7)
FN:168,(anonymous_8)
FN:232,(anonymous_9)
FNF:10
FNH:0
FNDA:0,SettingsPage
FNDA:0,Item
FNDA:0,(anonymous_2)
FNDA:0,(anonymous_3)
FNDA:0,loadNotificationSetting
FNDA:0,(anonymous_5)
FNDA:0,(anonymous_6)
FNDA:0,(anonymous_7)
FNDA:0,(anonymous_8)
FNDA:0,(anonymous_9)
DA:25,0
DA:27,0
DA:29,0
DA:33,0
DA:106,0
DA:109,0
DA:119,0
DA:121,0
DA:122,0
DA:123,0
DA:124,0
DA:126,0
DA:129,0
DA:132,0
DA:134,0
DA:145,0
DA:147,0
DA:148,0
DA:149,0
DA:151,0
DA:152,0
DA:153,0
DA:168,0
DA:169,0
DA:170,0
DA:171,0
DA:172,0
DA:175,0
DA:177,0
DA:178,0
DA:179,0
DA:180,0
DA:190,0
DA:232,0
LF:34
LH:0
BRDA:108,0,0,0
BRDA:109,1,0,0
BRDA:109,1,1,0
BRDA:112,2,0,0
BRDA:112,2,1,0
BRDA:122,3,0,0
BRDA:122,3,1,0
BRDA:151,4,0,0
BRDA:151,4,1,0
BRDA:171,5,0,0
BRDA:171,5,1,0
BRDA:178,6,0,0
BRDA:178,6,1,0
BRDA:207,7,0,0
BRDA:207,7,1,0
BRF:15
BRH:0
end_of_record
TN:
SF:screens\Main Account\MainAccountPage.js
FN:11,MainAccountPage
FN:39,(anonymous_1)
FN:46,(anonymous_2)
FN:53,(anonymous_3)
FNF:4
FNH:0
FNDA:0,MainAccountPage
FNDA:0,(anonymous_1)
FNDA:0,(anonymous_2)
FNDA:0,(anonymous_3)
DA:12,0
DA:14,0
DA:35,0
DA:39,0
DA:46,0
DA:53,0
LF:6
LH:0
BRF:0
BRH:0
end_of_record
TN:
SF:screens\Main Account\MainStackNavigator.js
FN:32,MainStackNavigator
FN:52,(anonymous_1)
FN:53,(anonymous_2)
FN:56,(anonymous_3)
FN:72,(anonymous_4)
FN:73,(anonymous_5)
FN:76,(anonymous_6)
FNF:7
FNH:0
FNDA:0,MainStackNavigator
FNDA:0,(anonymous_1)
FNDA:0,(anonymous_2)
FNDA:0,(anonymous_3)
FNDA:0,(anonymous_4)
FNDA:0,(anonymous_5)
FNDA:0,(anonymous_6)
DA:30,0
DA:34,0
DA:36,0
DA:52,0
DA:54,0
DA:56,0
DA:72,0
DA:74,0
DA:76,0
DA:105,0
LF:10
LH:0
BRF:0
BRH:0
end_of_record
TN:
SF:screens\banking\AddBankScreen.js
FN:10,AddBankScreen
FN:22,(anonymous_1)
FN:66,(anonymous_2)
FN:67,(anonymous_3)
FN:79,(anonymous_4)
FN:81,(anonymous_5)
FN:95,(anonymous_6)
FN:98,(anonymous_7)
FN:101,(anonymous_8)
FN:109,(anonymous_9)
FN:110,(anonymous_10)
FN:133,(anonymous_11)
FN:142,(anonymous_12)
FN:152,(anonymous_13)
FN:177,(anonymous_14)
FN:179,(anonymous_15)
FNF:16
FNH:7
FNDA:5,AddBankScreen
FNDA:0,(anonymous_1)
FNDA:1,(anonymous_2)
FNDA:1,(anonymous_3)
FNDA:1,(anonymous_4)
FNDA:1,(anonymous_5)
FNDA:0,(anonymous_6)
FNDA:0,(anonymous_7)
FNDA:0,(anonymous_8)
FNDA:0,(anonymous_9)
FNDA:0,(anonymous_10)
FNDA:0,(anonymous_11)
FNDA:0,(anonymous_12)
FNDA:0,(anonymous_13)
FNDA:10,(anonymous_14)
FNDA:1,(anonymous_15)
DA:11,5
DA:12,5
DA:13,5
DA:14,5
DA:16,5
DA:17,5
DA:18,5
DA:20,5
DA:22,5
DA:23,0
DA:24,0
DA:25,0
DA:28,5
DA:66,5
DA:67,1
DA:68,1
DA:69,1
DA:70,1
DA:71,1
DA:72,1
DA:73,1
DA:76,1
DA:79,5
DA:81,1
DA:82,1
DA:83,1
DA:84,1
DA:85,1
DA:88,0
DA:91,1
DA:92,1
DA:95,5
DA:96,0
DA:97,0
DA:98,0
DA:101,5
DA:102,0
DA:103,0
DA:104,0
DA:105,0
DA:109,5
DA:110,0
DA:111,0
DA:112,0
DA:113,0
DA:114,0
DA:116,0
DA:117,0
DA:118,0
DA:121,0
DA:122,0
DA:125,0
DA:128,5
DA:129,3
DA:132,2
DA:133,1
DA:136,1
DA:137,0
DA:142,0
DA:153,0
DA:165,1
DA:178,10
DA:179,1
LF:63
LH:38
BRDA:36,0,0,0
BRDA:36,0,1,5
BRDA:70,1,0,1
BRDA:70,1,1,0
BRDA:84,2,0,1
BRDA:84,2,1,0
BRDA:102,3,0,0
BRDA:102,3,1,0
BRDA:102,4,0,0
BRDA:102,4,1,0
BRDA:113,5,0,0
BRDA:113,5,1,0
BRDA:116,6,0,0
BRDA:116,6,1,0
BRDA:116,7,0,0
BRDA:116,7,1,0
BRDA:128,8,0,3
BRDA:128,8,1,2
BRDA:132,9,0,1
BRDA:132,9,1,1
BRDA:136,10,0,0
BRDA:136,10,1,1
BRDA:141,11,0,0
BRDA:141,11,1,0
BRF:24
BRH:8
end_of_record
TN:
SF:screens\banking\AuthView.js
FN:8,AuthWebView
FN:22,(anonymous_1)
FNF:2
FNH:1
FNDA:2,AuthWebView
FNDA:0,(anonymous_1)
DA:9,2
DA:10,2
DA:12,2
DA:22,0
LF:4
LH:3
BRDA:16,0,0,2
BRDA:16,0,1,0
BRF:2
BRH:1
end_of_record
TN:
SF:screens\banking\BalanceChart.js
FN:3,BalanceChart
FN:29,(anonymous_1)
FN:34,(anonymous_2)
FN:35,(anonymous_3)
FN:42,(anonymous_4)
FN:57,(anonymous_5)
FNF:6
FNH:6
FNDA:20,BalanceChart
FNDA:96,(anonymous_1)
FNDA:96,(anonymous_2)
FNDA:96,(anonymous_3)
FNDA:207,(anonymous_4)
FNDA:63,(anonymous_5)
DA:5,20
DA:29,96
DA:34,96
DA:35,96
DA:36,20
DA:38,20
DA:43,207
DA:44,207
DA:57,63
LF:9
LH:9
BRF:0
BRH:0
end_of_record
TN:
SF:screens\banking\BankAccountsScreen.js
FN:13,BankAccountsScreen
FN:20,(anonymous_1)
FN:27,(anonymous_2)
FN:38,(anonymous_3)
FN:42,(anonymous_4)
FN:139,(anonymous_5)
FN:146,(anonymous_6)
FN:153,(anonymous_7)
FN:163,BankAccount
FN:171,(anonymous_9)
FN:183,(anonymous_10)
FN:191,(anonymous_11)
FN:192,(anonymous_12)
FN:196,(anonymous_13)
FNF:14
FNH:10
FNDA:4,BankAccountsScreen
FNDA:0,(anonymous_1)
FNDA:1,(anonymous_2)
FNDA:1,(anonymous_3)
FNDA:0,(anonymous_4)
FNDA:1,(anonymous_5)
FNDA:1,(anonymous_6)
FNDA:4,(anonymous_7)
FNDA:4,BankAccount
FNDA:1,(anonymous_9)
FNDA:1,(anonymous_10)
FNDA:0,(anonymous_11)
FNDA:0,(anonymous_12)
FNDA:1,(anonymous_13)
DA:14,4
DA:15,4
DA:16,4
DA:17,4
DA:18,4
DA:20,4
DA:21,0
DA:22,0
DA:23,0
DA:24,0
DA:27,4
DA:28,1
DA:29,1
DA:30,1
DA:31,1
DA:32,1
DA:33,1
DA:34,1
DA:38,4
DA:39,1
DA:42,4
DA:43,0
DA:44,0
DA:47,4
DA:129,4
DA:130,1
DA:133,3
DA:139,1
DA:146,1
DA:154,4
DA:164,4
DA:165,4
DA:166,2
DA:169,4
DA:171,1
DA:183,1
DA:191,0
DA:192,0
DA:196,1
LF:39
LH:31
BRDA:32,0,0,1
BRDA:32,0,1,0
BRDA:39,1,0,1
BRDA:39,1,1,0
BRDA:55,2,0,0
BRDA:55,2,1,4
BRDA:129,3,0,1
BRDA:129,3,1,3
BRDA:165,4,0,2
BRDA:165,4,1,2
BRDA:195,5,0,2
BRDA:195,5,1,2
BRF:12
BRH:9
end_of_record
TN:
SF:screens\banking\BankBarChart.js
FN:7,BankBarChart
FN:26,(anonymous_1)
FN:37,(anonymous_2)
FNF:3
FNH:3
FNDA:22,BankBarChart
FNDA:208,(anonymous_1)
FNDA:328,(anonymous_2)
DA:9,22
DA:11,22
DA:20,22
DA:27,208
DA:28,30
DA:30,178
DA:31,30
DA:34,148
DA:37,328
DA:43,22
LF:10
LH:10
BRDA:27,0,0,30
BRDA:27,0,1,178
BRDA:30,1,0,30
BRDA:30,1,1,148
BRDA:37,2,0,0
BRF:5
BRH:4
end_of_record
TN:
SF:screens\banking\BankInsights.js
FN:13,(anonymous_0)
FN:16,(anonymous_1)
FN:21,(anonymous_2)
FN:50,BankInsights
FN:62,(anonymous_4)
FN:63,(anonymous_5)
FN:79,(anonymous_6)
FN:97,(anonymous_7)
FN:142,(anonymous_8)
FN:146,(anonymous_9)
FN:155,(anonymous_10)
FN:159,(anonymous_11)
FNF:12
FNH:12
FNDA:38,(anonymous_0)
FNDA:133,(anonymous_1)
FNDA:7,(anonymous_2)
FNDA:24,BankInsights
FNDA:1,(anonymous_4)
FNDA:1,(anonymous_5)
FNDA:5,(anonymous_6)
FNDA:9,(anonymous_7)
FNDA:171,(anonymous_8)
FNDA:76,(anonymous_9)
FNDA:152,(anonymous_10)
FNDA:209,(anonymous_11)
DA:13,1
DA:14,38
DA:17,133
DA:21,7
DA:29,1
DA:51,24
DA:52,24
DA:53,24
DA:55,24
DA:56,24
DA:58,24
DA:59,24
DA:60,24
DA:62,24
DA:63,1
DA:64,1
DA:66,1
DA:67,1
DA:68,1
DA:69,1
DA:70,1
DA:71,1
DA:72,1
DA:75,1
DA:79,24
DA:80,5
DA:81,5
DA:83,2
DA:84,2
DA:86,1
DA:87,1
DA:89,1
DA:90,1
DA:92,1
DA:93,1
DA:97,24
DA:98,9
DA:99,8
DA:101,6
DA:102,6
DA:104,1
DA:105,1
DA:107,1
DA:108,1
DA:113,24
DA:114,5
DA:117,19
DA:143,171
DA:144,38
DA:146,76
DA:156,152
DA:157,114
DA:159,209
LF:53
LH:53
BRDA:20,0,0,38
BRDA:20,0,1,95
BRDA:66,1,0,1
BRDA:66,1,1,0
BRDA:75,2,0,1
BRDA:75,2,1,0
BRDA:81,3,0,2
BRDA:81,3,1,1
BRDA:81,3,2,1
BRDA:81,3,3,1
BRDA:98,4,0,8
BRDA:98,4,1,1
BRDA:99,5,0,6
BRDA:99,5,1,1
BRDA:99,5,2,1
BRDA:113,6,0,5
BRDA:113,6,1,19
BRDA:136,7,0,16
BRDA:136,7,1,3
BRDA:143,8,0,38
BRDA:143,8,1,133
BRDA:156,9,0,114
BRDA:156,9,1,38
BRF:23
BRH:21
end_of_record
TN:
SF:screens\banking\BankTransactionsScreen.js
FN:10,BankTransactionsScreen
FN:16,(anonymous_1)
FN:17,(anonymous_2)
FN:30,(anonymous_3)
FN:37,(anonymous_4)
FN:42,(anonymous_5)
FN:109,(anonymous_6)
FN:111,(anonymous_7)
FN:116,(anonymous_8)
FN:127,(anonymous_9)
FN:154,(anonymous_10)
FN:155,(anonymous_11)
FNF:12
FNH:12
FNDA:6,BankTransactionsScreen
FNDA:2,(anonymous_1)
FNDA:2,(anonymous_2)
FNDA:1,(anonymous_3)
FNDA:3,(anonymous_4)
FNDA:3,(anonymous_5)
FNDA:4,(anonymous_6)
FNDA:3,(anonymous_7)
FNDA:1,(anonymous_8)
FNDA:3,(anonymous_9)
FNDA:2,(anonymous_10)
FNDA:3,(anonymous_11)
DA:11,6
DA:12,6
DA:13,6
DA:14,6
DA:16,6
DA:17,2
DA:18,2
DA:19,2
DA:20,2
DA:21,1
DA:24,1
DA:27,2
DA:28,2
DA:29,2
DA:30,2
DA:31,2
DA:34,2
DA:37,6
DA:38,3
DA:39,3
DA:42,6
DA:43,3
DA:44,3
DA:47,6
DA:109,6
DA:110,4
DA:111,4
DA:112,3
DA:113,3
DA:114,3
DA:115,3
DA:116,3
DA:117,3
DA:118,1
DA:120,2
DA:123,3
DA:127,6
DA:128,3
DA:129,3
DA:144,6
DA:145,2
DA:148,4
DA:154,2
DA:156,3
LF:44
LH:44
BRDA:20,0,0,1
BRDA:20,0,1,1
BRDA:27,1,0,2
BRDA:27,1,1,0
BRDA:34,2,0,2
BRDA:34,2,1,0
BRDA:53,3,0,0
BRDA:53,3,1,6
BRDA:101,4,0,0
BRDA:101,4,1,6
BRDA:117,5,0,1
BRDA:117,5,1,2
BRDA:128,6,0,2
BRDA:128,6,1,1
BRDA:130,7,0,2
BRDA:130,7,1,1
BRDA:144,8,0,2
BRDA:144,8,1,4
BRF:18
BRH:14
end_of_record
TN:
SF:screens\banking\Loading.js
FN:4,Loading
FNF:1
FNH:1
FNDA:49,Loading
DA:6,49
DA:8,49
LF:2
LH:2
BRF:0
BRH:0
end_of_record
TN:
SF:screens\charts\HomePage.js
FN:20,HomePage
FN:35,(anonymous_1)
FN:36,(anonymous_2)
FN:53,(anonymous_3)
FN:93,(anonymous_4)
FN:113,(anonymous_5)
FN:120,(anonymous_6)
FN:146,(anonymous_7)
FN:181,(anonymous_8)
FN:191,(anonymous_9)
FN:196,(anonymous_10)
FN:201,(anonymous_11)
FN:228,(anonymous_12)
FN:254,(anonymous_13)
FNF:14
FNH:7
FNDA:21,HomePage
FNDA:3,(anonymous_1)
FNDA:3,(anonymous_2)
FNDA:0,(anonymous_3)
FNDA:0,(anonymous_4)
FNDA:0,(anonymous_5)
FNDA:0,(anonymous_6)
FNDA:0,(anonymous_7)
FNDA:0,(anonymous_8)
FNDA:45,(anonymous_9)
FNDA:45,(anonymous_10)
FNDA:3,(anonymous_11)
FNDA:3,(anonymous_12)
FNDA:0,(anonymous_13)
DA:21,21
DA:22,21
DA:23,21
DA:24,21
DA:26,21
DA:27,21
DA:28,21
DA:29,21
DA:30,21
DA:31,21
DA:32,21
DA:35,21
DA:36,3
DA:37,3
DA:38,3
DA:39,3
DA:40,3
DA:41,3
DA:42,3
DA:43,3
DA:44,3
DA:47,3
DA:48,3
DA:50,3
DA:53,21
DA:54,0
DA:56,0
DA:57,0
DA:58,0
DA:59,0
DA:60,0
DA:61,0
DA:62,0
DA:64,0
DA:65,0
DA:66,0
DA:67,0
DA:68,0
DA:69,0
DA:72,0
DA:73,0
DA:74,0
DA:75,0
DA:76,0
DA:77,0
DA:78,0
DA:89,0
DA:91,0
DA:92,0
DA:93,0
DA:94,0
DA:95,0
DA:96,0
DA:99,0
DA:100,0
DA:102,0
DA:103,0
DA:104,0
DA:105,0
DA:107,0
DA:108,0
DA:109,0
DA:110,0
DA:113,0
DA:115,0
DA:120,21
DA:121,0
DA:122,0
DA:123,0
DA:124,0
DA:125,0
DA:128,0
DA:129,0
DA:130,0
DA:131,0
DA:132,0
DA:135,0
DA:136,0
DA:137,0
DA:139,0
DA:140,0
DA:141,0
DA:142,0
DA:143,0
DA:146,0
DA:147,0
DA:148,0
DA:149,0
DA:152,0
DA:153,0
DA:154,0
DA:155,0
DA:156,0
DA:159,0
DA:160,0
DA:161,0
DA:162,0
DA:174,0
DA:175,0
DA:176,0
DA:177,0
DA:178,0
DA:181,0
DA:182,0
DA:183,0
DA:184,0
DA:187,0
DA:190,21
DA:191,21
DA:192,45
DA:194,21
DA:196,45
DA:197,21
DA:199,21
DA:201,21
DA:202,3
DA:205,21
DA:206,15
DA:208,6
DA:209,1
DA:211,5
DA:228,3
DA:255,0
DA:256,0
DA:257,0
LF:125
LH:41
BRDA:39,0,0,3
BRDA:39,0,1,0
BRDA:47,1,0,3
BRDA:47,1,1,0
BRDA:56,2,0,0
BRDA:56,2,1,0
BRDA:57,3,0,0
BRDA:57,3,1,0
BRDA:59,4,0,0
BRDA:59,4,1,0
BRDA:64,5,0,0
BRDA:64,5,1,0
BRDA:66,6,0,0
BRDA:66,6,1,0
BRDA:72,7,0,0
BRDA:72,7,1,0
BRDA:74,8,0,0
BRDA:74,8,1,0
BRDA:91,9,0,0
BRDA:91,9,1,0
BRDA:94,10,0,0
BRDA:94,10,1,0
BRDA:104,11,0,0
BRDA:104,11,1,0
BRDA:104,12,0,0
BRDA:104,12,1,0
BRDA:104,12,2,0
BRDA:109,13,0,0
BRDA:109,13,1,0
BRDA:122,14,0,0
BRDA:122,14,1,0
BRDA:128,15,0,0
BRDA:128,15,1,0
BRDA:130,16,0,0
BRDA:130,16,1,0
BRDA:135,17,0,0
BRDA:135,17,1,0
BRDA:139,18,0,0
BRDA:139,18,1,0
BRDA:141,19,0,0
BRDA:141,19,1,0
BRDA:147,20,0,0
BRDA:147,20,1,0
BRDA:152,21,0,0
BRDA:152,21,1,0
BRDA:154,22,0,0
BRDA:154,22,1,0
BRDA:159,23,0,0
BRDA:159,23,1,0
BRDA:174,24,0,0
BRDA:174,24,1,0
BRDA:176,25,0,0
BRDA:176,25,1,0
BRDA:182,26,0,0
BRDA:182,26,1,0
BRDA:205,27,0,15
BRDA:205,27,1,6
BRDA:208,28,0,1
BRDA:208,28,1,5
BRDA:246,29,0,3
BRDA:246,29,1,2
BRDA:251,30,0,0
BRDA:251,30,1,3
BRF:63
BRH:9
end_of_record
TN:
SF:screens\charts\LineChart.js
FN:13,LineChartScreen
FN:56,(anonymous_1)
FNF:2
FNH:1
FNDA:3,LineChartScreen
FNDA:0,(anonymous_1)
DA:15,3
DA:16,3
DA:18,3
DA:41,3
DA:43,3
DA:44,3
DA:45,3
DA:48,0
DA:53,3
DA:55,3
DA:56,0
DA:57,0
DA:58,0
DA:60,0
DA:61,0
DA:69,0
DA:70,0
DA:73,0
DA:74,0
DA:77,0
DA:80,0
DA:83,0
DA:88,3
DA:89,3
DA:119,3
DA:247,1
LF:26
LH:13
BRDA:43,0,0,3
BRDA:43,0,1,0
BRDA:43,1,0,3
BRDA:43,1,1,3
BRDA:44,2,0,3
BRDA:44,2,1,0
BRDA:55,3,0,0
BRDA:55,3,1,3
BRDA:60,4,0,0
BRDA:60,4,1,0
BRDA:69,5,0,0
BRDA:69,5,1,0
BRDA:73,6,0,0
BRDA:73,6,1,0
BRDA:121,7,0,3
BRDA:121,7,1,0
BRDA:121,8,0,3
BRDA:121,8,1,3
BRDA:124,9,0,3
BRDA:124,9,1,1
BRDA:157,10,0,3
BRDA:157,10,1,1
BRDA:168,11,0,3
BRDA:168,11,1,0
BRDA:168,11,2,0
BRDA:215,12,0,3
BRDA:215,12,1,1
BRF:27
BRH:15
end_of_record
TN:
SF:screens\charts\chartComponents\barChart.js
FN:3,BarChart
FN:10,(anonymous_1)
FN:15,(anonymous_2)
FNF:3
FNH:3
FNDA:7,BarChart
FNDA:40,(anonymous_1)
FNDA:20,(anonymous_2)
DA:5,7
DA:7,5
DA:10,40
DA:15,20
LF:4
LH:4
BRDA:5,0,0,2
BRDA:5,0,1,5
BRDA:5,1,0,7
BRDA:5,1,1,6
BRDA:5,1,2,6
BRDA:5,1,3,6
BRDA:5,1,4,6
BRDA:5,1,5,5
BRF:8
BRH:8
end_of_record
TN:
SF:screens\charts\chartComponents\noWallets.js
FN:5,NoWallets
FNF:1
FNH:1
FNDA:2,NoWallets
DA:7,2
DA:9,2
LF:2
LH:2
BRF:0
BRH:0
end_of_record
TN:
SF:screens\charts\chartComponents\pieChart.js
FN:20,PieChart
FN:65,(anonymous_1)
FNF:2
FNH:2
FNDA:8,PieChart
FNDA:24,(anonymous_1)
DA:22,8
DA:23,8
DA:24,8
DA:26,8
DA:28,7
DA:29,7
DA:30,24
DA:32,7
DA:34,7
DA:35,7
DA:36,7
DA:37,1
DA:38,1
DA:41,7
DA:65,24
DA:123,2
LF:16
LH:16
BRDA:26,0,0,1
BRDA:26,0,1,7
BRDA:26,1,0,8
BRDA:26,1,1,7
BRDA:26,1,2,7
BRDA:26,1,3,7
BRDA:26,1,4,7
BRDA:26,1,5,7
BRDA:36,2,0,1
BRDA:36,2,1,6
BRDA:98,3,0,7
BRDA:98,3,1,6
BRF:12
BRH:12
end_of_record
TN:
SF:screens\charts\chartComponents\stackedBarChart.js
FN:10,StackedChart
FN:42,(anonymous_1)
FN:57,(anonymous_2)
FN:72,(anonymous_3)
FN:87,(anonymous_4)
FNF:5
FNH:5
FNDA:6,StackedChart
FNDA:4,(anonymous_1)
FNDA:4,(anonymous_2)
FNDA:4,(anonymous_3)
FNDA:4,(anonymous_4)
DA:11,6
DA:12,6
DA:43,4
DA:58,4
DA:73,4
DA:88,4
DA:110,2
LF:7
LH:7
BRDA:10,0,0,1
BRDA:42,1,0,4
BRDA:42,1,1,2
BRDA:57,2,0,4
BRDA:57,2,1,2
BRDA:72,3,0,4
BRDA:72,3,1,2
BRDA:87,4,0,4
BRDA:87,4,1,2
BRF:9
BRH:9
end_of_record
TN:
SF:screens\cryptoExchanges\ExchangeCredentials.js
FN:8,ExchangeCredentials
FN:14,(anonymous_1)
FN:35,(anonymous_2)
FNF:3
FNH:0
FNDA:0,ExchangeCredentials
FNDA:0,(anonymous_1)
FNDA:0,(anonymous_2)
DA:9,0
DA:10,0
DA:11,0
DA:12,0
DA:14,0
DA:15,0
DA:16,0
DA:17,0
DA:20,0
DA:21,0
DA:29,0
DA:30,0
DA:31,0
DA:32,0
DA:36,0
DA:40,0
DA:43,0
DA:44,0
DA:48,0
DA:73,0
LF:20
LH:0
BRDA:15,0,0,0
BRDA:15,0,1,0
BRDA:15,1,0,0
BRDA:15,1,1,0
BRDA:31,2,0,0
BRDA:31,2,1,0
BRF:6
BRH:0
end_of_record
TN:
SF:screens\cryptoExchanges\useCryptoExchange.js
FN:7,useCryptoExchange
FN:10,(anonymous_1)
FN:18,(anonymous_2)
FN:19,(anonymous_3)
FN:20,(anonymous_4)
FN:23,(anonymous_5)
FN:34,(anonymous_6)
FN:34,(anonymous_7)
FN:35,(anonymous_8)
FNF:9
FNH:4
FNDA:21,useCryptoExchange
FNDA:3,(anonymous_1)
FNDA:3,(anonymous_2)
FNDA:3,(anonymous_3)
FNDA:0,(anonymous_4)
FNDA:0,(anonymous_5)
FNDA:0,(anonymous_6)
FNDA:0,(anonymous_7)
FNDA:0,(anonymous_8)
DA:8,21
DA:10,21
DA:11,3
DA:18,3
DA:19,3
DA:20,0
DA:23,21
DA:24,0
DA:34,0
DA:35,0
DA:39,21
LF:11
LH:7
BRF:0
BRH:0
end_of_record
TN:
SF:screens\cryptoExchanges\useCryptoExchangeBalances.js
FN:6,useCryptoExchangeBalances
FN:9,(anonymous_1)
FN:17,(anonymous_2)
FN:18,(anonymous_3)
FN:19,(anonymous_4)
FNF:5
FNH:0
FNDA:0,useCryptoExchangeBalances
FNDA:0,(anonymous_1)
FNDA:0,(anonymous_2)
FNDA:0,(anonymous_3)
FNDA:0,(anonymous_4)
DA:7,0
DA:9,0
DA:10,0
DA:17,0
DA:18,0
DA:19,0
DA:22,0
LF:7
LH:0
BRF:0
BRH:0
end_of_record
TN:
SF:screens\crypto_wallet\useCryptoWallet.js
FN:7,useCryptoWallet
FN:10,(anonymous_1)
FN:18,(anonymous_2)
FN:19,(anonymous_3)
FN:20,(anonymous_4)
FN:23,(anonymous_5)
FN:36,(anonymous_6)
FN:45,(anonymous_7)
FN:53,(anonymous_8)
FN:53,(anonymous_9)
FN:54,(anonymous_10)
FNF:11
FNH:1
FNDA:21,useCryptoWallet
FNDA:0,(anonymous_1)
FNDA:0,(anonymous_2)
FNDA:0,(anonymous_3)
FNDA:0,(anonymous_4)
FNDA:0,(anonymous_5)
FNDA:0,(anonymous_6)
FNDA:0,(anonymous_7)
FNDA:0,(anonymous_8)
FNDA:0,(anonymous_9)
FNDA:0,(anonymous_10)
DA:8,21
DA:10,21
DA:11,0
DA:18,0
DA:19,0
DA:20,0
DA:23,21
DA:24,0
DA:36,0
DA:38,0
DA:41,0
DA:42,0
DA:45,21
DA:46,0
DA:53,0
DA:54,0
DA:58,21
LF:17
LH:5
BRDA:41,0,0,0
BRDA:41,0,1,0
BRF:2
BRH:0
end_of_record
TN:
SF:screens\cryptocurrency\icons\icon.js
FN:17,getCryptoIcon
FNF:1
FNH:0
FNDA:0,getCryptoIcon
DA:1,0
DA:18,0
LF:2
LH:0
BRF:0
BRH:0
end_of_record
TN:
SF:screens\pre_logged_in\AboutUsScreen.js
FN:14,AboutUsScreen
FN:132,(anonymous_1)
FN:139,(anonymous_2)
FNF:3
FNH:3
FNDA:3,AboutUsScreen
FNDA:1,(anonymous_1)
FNDA:1,(anonymous_2)
DA:16,3
DA:18,3
DA:87,3
DA:132,1
DA:139,1
LF:5
LH:5
BRF:0
BRH:0
end_of_record
TN:
SF:screens\pre_logged_in\DeveloperInfoScreen.js
FN:15,DeveloperInfoScreen
FN:132,(anonymous_1)
FN:148,(anonymous_2)
FN:164,(anonymous_3)
FN:180,(anonymous_4)
FN:196,(anonymous_5)
FN:212,(anonymous_6)
FN:228,(anonymous_7)
FN:244,(anonymous_8)
FN:259,(anonymous_9)
FNF:10
FNH:10
FNDA:10,DeveloperInfoScreen
FNDA:1,(anonymous_1)
FNDA:1,(anonymous_2)
FNDA:1,(anonymous_3)
FNDA:1,(anonymous_4)
FNDA:1,(anonymous_5)
FNDA:1,(anonymous_6)
FNDA:1,(anonymous_7)
FNDA:1,(anonymous_8)
FNDA:1,(anonymous_9)
DA:17,10
DA:19,10
DA:91,10
DA:133,1
DA:149,1
DA:165,1
DA:181,1
DA:197,1
DA:213,1
DA:229,1
DA:245,1
DA:259,1
LF:12
LH:12
BRF:0
BRH:0
end_of_record
TN:
SF:screens\pre_logged_in\SignUpScreen.js
FN:21,SignUpScreen
FN:37,(anonymous_1)
FN:47,(anonymous_2)
FN:63,(anonymous_3)
FN:64,(anonymous_4)
FN:66,(anonymous_5)
FN:101,(anonymous_6)
FN:106,(anonymous_7)
FN:113,ErrorMessage
FN:117,(anonymous_9)
FNF:10
FNH:8
FNDA:11,SignUpScreen
FNDA:0,(anonymous_1)
FNDA:2,(anonymous_2)
FNDA:2,(anonymous_3)
FNDA:2,(anonymous_4)
FNDA:2,(anonymous_5)
FNDA:0,(anonymous_6)
FNDA:66,(anonymous_7)
FNDA:66,ErrorMessage
FNDA:10,(anonymous_9)
DA:23,11
DA:25,11
DA:27,11
DA:28,11
DA:29,11
DA:30,11
DA:31,11
DA:32,11
DA:34,11
DA:36,11
DA:38,0
DA:47,11
DA:48,2
DA:64,2
DA:68,2
DA:69,2
DA:70,2
DA:71,0
DA:72,0
DA:73,0
DA:76,0
DA:77,0
DA:78,0
DA:86,0
DA:88,0
DA:89,0
DA:90,0
DA:98,0
DA:102,0
DA:106,11
DA:107,66
DA:108,10
DA:110,56
DA:114,66
DA:115,10
DA:118,10
DA:127,56
DA:130,11
DA:192,1
LF:39
LH:26
BRDA:68,0,0,2
BRDA:68,0,1,0
BRDA:71,1,0,0
BRDA:71,1,1,0
BRDA:76,2,0,0
BRDA:76,2,1,0
BRDA:86,3,0,0
BRDA:86,3,1,0
BRDA:107,4,0,10
BRDA:107,4,1,56
BRDA:114,5,0,10
BRDA:114,5,1,56
BRF:12
BRH:5
end_of_record
TN:
SF:screens\pre_logged_in\StartScreen.js
FN:13,FocusAwareStatusBar
FN:19,StartScreen
FN:91,(anonymous_2)
FN:97,(anonymous_3)
FN:103,(anonymous_4)
FNF:5
FNH:5
FNDA:4,FocusAwareStatusBar
FNDA:4,StartScreen
FNDA:1,(anonymous_2)
FNDA:1,(anonymous_3)
FNDA:1,(anonymous_4)
DA:14,4
DA:15,4
DA:21,4
DA:23,4
DA:76,4
DA:91,1
DA:97,1
DA:103,1
LF:8
LH:8
BRDA:15,0,0,0
BRDA:15,0,1,4
BRF:2
BRH:1
end_of_record
TN:
SF:screens\stocks\AddStocksScreen.tsx
FN:17,(anonymous_0)
FN:66,(anonymous_1)
FN:80,(anonymous_2)
FN:81,(anonymous_3)
FN:88,(anonymous_4)
FN:96,(anonymous_5)
FN:105,(anonymous_6)
FN:115,(anonymous_7)
FN:130,(anonymous_8)
FN:138,(anonymous_9)
FN:159,(anonymous_10)
FN:172,(anonymous_11)
FN:195,(anonymous_12)
FN:196,(anonymous_13)
FN:197,(anonymous_14)
FN:203,(anonymous_15)
FN:209,(anonymous_16)
FN:211,(anonymous_17)
FN:248,(anonymous_18)
FN:252,(anonymous_19)
FNF:20
FNH:0
FNDA:0,(anonymous_0)
FNDA:0,(anonymous_1)
FNDA:0,(anonymous_2)
FNDA:0,(anonymous_3)
FNDA:0,(anonymous_4)
FNDA:0,(anonymous_5)
FNDA:0,(anonymous_6)
FNDA:0,(anonymous_7)
FNDA:0,(anonymous_8)
FNDA:0,(anonymous_9)
FNDA:0,(anonymous_10)
FNDA:0,(anonymous_11)
FNDA:0,(anonymous_12)
FNDA:0,(anonymous_13)
FNDA:0,(anonymous_14)
FNDA:0,(anonymous_15)
FNDA:0,(anonymous_16)
FNDA:0,(anonymous_17)
FNDA:0,(anonymous_18)
FNDA:0,(anonymous_19)
DA:14,0
DA:17,0
DA:18,0
DA:19,0
DA:20,0
DA:21,0
DA:22,0
DA:23,0
DA:24,0
DA:25,0
DA:27,0
DA:29,0
DA:64,0
DA:66,0
DA:67,0
DA:76,0
DA:77,0
DA:80,0
DA:81,0
DA:82,0
DA:83,0
DA:85,0
DA:88,0
DA:89,0
DA:92,0
DA:93,0
DA:96,0
DA:97,0
DA:100,0
DA:101,0
DA:102,0
DA:105,0
DA:106,0
DA:109,0
DA:110,0
DA:111,0
DA:112,0
DA:115,0
DA:116,0
DA:124,0
DA:125,0
DA:126,0
DA:130,0
DA:131,0
DA:134,0
DA:135,0
DA:138,0
DA:139,0
DA:140,0
DA:141,0
DA:155,0
DA:159,0
DA:160,0
DA:163,0
DA:164,0
DA:167,0
DA:168,0
DA:169,0
DA:172,0
DA:173,0
DA:174,0
DA:180,0
DA:188,0
DA:190,0
DA:195,0
DA:196,0
DA:198,0
DA:199,0
DA:200,0
DA:201,0
DA:203,0
DA:204,0
DA:205,0
DA:207,0
DA:208,0
DA:209,0
DA:211,0
DA:212,0
DA:213,0
DA:215,0
DA:217,0
DA:249,0
DA:252,0
LF:83
LH:0
BRDA:85,0,0,0
BRDA:85,0,1,0
BRDA:125,1,0,0
BRDA:125,1,1,0
BRDA:173,2,0,0
BRDA:173,2,1,0
BRDA:207,3,0,0
BRDA:207,3,1,0
BRDA:230,4,0,0
BRDA:230,4,1,0
BRDA:236,5,0,0
BRDA:236,5,1,0
BRF:12
BRH:0
end_of_record
TN:
SF:screens\stocks\Map.js
FN:5,Map
FNF:1
FNH:1
FNDA:18,Map
DA:6,18
DA:7,15
DA:23,3
LF:3
LH:3
BRDA:6,0,0,15
BRDA:6,0,1,3
BRDA:6,1,0,18
BRDA:6,1,1,15
BRF:4
BRH:4
end_of_record
TN:
SF:screens\stocks\StockTransactionData.js
FN:13,TransactionData
FN:48,(anonymous_1)
FN:49,(anonymous_2)
FNF:3
FNH:3
FNDA:7,TransactionData
FNDA:3,(anonymous_1)
FNDA:3,(anonymous_2)
DA:14,7
DA:15,7
DA:16,7
DA:17,7
DA:19,7
DA:48,7
DA:49,3
DA:50,3
DA:51,3
DA:52,2
DA:53,2
DA:56,3
DA:57,3
DA:61,7
DA:62,5
DA:65,2
LF:16
LH:16
BRDA:51,0,0,2
BRDA:51,0,1,1
BRDA:56,1,0,3
BRDA:56,1,1,0
BRDA:61,2,0,5
BRDA:61,2,1,2
BRF:6
BRH:5
end_of_record
TN:
SF:screens\stocks\StocksInsightScreen.js
FN:12,StockInsight
FN:18,(anonymous_1)
FN:19,(anonymous_2)
FN:30,(anonymous_3)
FN:61,(anonymous_4)
FNF:5
FNH:5
FNDA:29,StockInsight
FNDA:7,(anonymous_1)
FNDA:7,(anonymous_2)
FNDA:4,(anonymous_3)
FNDA:4,(anonymous_4)
DA:13,29
DA:14,29
DA:15,29
DA:16,29
DA:17,29
DA:18,29
DA:19,7
DA:20,7
DA:21,7
DA:22,6
DA:23,6
DA:24,6
DA:27,7
DA:30,29
DA:31,4
DA:34,29
DA:57,29
DA:61,4
DA:80,29
DA:81,19
DA:82,10
DA:83,1
DA:90,9
LF:23
LH:23
BRDA:21,0,0,6
BRDA:21,0,1,1
BRDA:27,1,0,7
BRDA:27,1,1,0
BRDA:80,2,0,19
BRDA:80,2,1,10
BRDA:82,3,0,1
BRDA:82,3,1,9
BRDA:82,4,0,10
BRDA:82,4,1,1
BRF:10
BRH:9
end_of_record
TN:
SF:src\theme\ThemeProvider.js
FN:8,(anonymous_0)
FN:9,(anonymous_1)
FN:14,(anonymous_2)
FN:18,loadDarkModeSettings
FN:48,(anonymous_4)
FN:55,(anonymous_5)
FN:67,(anonymous_6)
FNF:7
FNH:1
FNDA:0,(anonymous_0)
FNDA:0,(anonymous_1)
FNDA:0,(anonymous_2)
FNDA:0,loadDarkModeSettings
FNDA:0,(anonymous_4)
FNDA:0,(anonymous_5)
FNDA:250,(anonymous_6)
DA:5,20
DA:14,20
DA:15,0
DA:16,0
DA:21,0
DA:22,0
DA:25,0
DA:28,0
DA:30,0
DA:31,0
DA:33,0
DA:34,0
DA:36,0
DA:37,0
DA:39,0
DA:40,0
DA:43,0
DA:48,0
DA:49,0
DA:52,0
DA:55,0
DA:58,0
DA:67,250
LF:23
LH:3
BRDA:18,0,0,0
BRDA:21,1,0,0
BRDA:21,1,1,0
BRDA:30,2,0,0
BRDA:30,2,1,0
BRDA:33,3,0,0
BRDA:33,3,1,0
BRDA:36,4,0,0
BRDA:36,4,1,0
BRDA:39,5,0,0
BRDA:39,5,1,0
BRDA:54,6,0,0
BRDA:54,6,1,0
BRF:13
BRH:0
end_of_record
TN:
SF:src\theme\colors.js
FNF:0
FNH:0
DA:1,20
DA:10,20
LF:2
LH:2
BRF:0
BRH:0
end_of_record
